Copyright 1986-2017 Xilinx, Inc. All Rights Reserved.
-----------------------------------------------------------------------------------------------------------------------------------------------------------
| Tool Version : Vivado v.2017.4 (win64) Build 2086221 Fri Dec 15 20:55:39 MST 2017
| Date         : Tue Dec 26 22:00:46 2023
| Host         : LegionWells running 64-bit major release  (build 9200)
| Command      : report_timing_summary -max_paths 10 -file MiniPiano_timing_summary_routed.rpt -rpx MiniPiano_timing_summary_routed.rpx -warn_on_violation
| Design       : MiniPiano
| Device       : 7a35t-csg324
| Speed File   : -1  PRODUCTION 1.20 2017-11-01
-----------------------------------------------------------------------------------------------------------------------------------------------------------

Timing Summary Report

------------------------------------------------------------------------------------------------
| Timer Settings
| --------------
------------------------------------------------------------------------------------------------

  Enable Multi Corner Analysis               :  Yes
  Enable Pessimism Removal                   :  Yes
  Pessimism Removal Resolution               :  Nearest Common Node
  Enable Input Delay Default Clock           :  No
  Enable Preset / Clear Arcs                 :  No
  Disable Flight Delays                      :  No
  Ignore I/O Paths                           :  No
  Timing Early Launch at Borrowing Latches   :  false

  Corner  Analyze    Analyze    
  Name    Max Paths  Min Paths  
  ------  ---------  ---------  
  Slow    Yes        Yes        
  Fast    Yes        Yes        



check_timing report

Table of Contents
-----------------
1. checking no_clock
2. checking constant_clock
3. checking pulse_width_clock
4. checking unconstrained_internal_endpoints
5. checking no_input_delay
6. checking no_output_delay
7. checking multiple_clock
8. checking generated_clocks
9. checking loops
10. checking partial_input_delay
11. checking partial_output_delay
12. checking latch_loops

1. checking no_clock
--------------------
 There are 328 register/latch pins with no clock driven by root clock pin: clk (HIGH)

 There are 9 register/latch pins with no clock driven by root clock pin: rst_n (HIGH)

 There are 12 register/latch pins with no clock driven by root clock pin: select_mode[0] (HIGH)

 There are 12 register/latch pins with no clock driven by root clock pin: select_mode[1] (HIGH)

 There are 12 register/latch pins with no clock driven by root clock pin: select_mode[2] (HIGH)

 There are 54 register/latch pins with no clock driven by root clock pin: start_play (HIGH)

 There are 9 register/latch pins with no clock driven by root clock pin: stop_button (HIGH)

 There are 11 register/latch pins with no clock driven by root clock pin: buzzer/b1/input_note_record_out_reg[0]/Q (HIGH)

 There are 11 register/latch pins with no clock driven by root clock pin: buzzer/b1/input_note_record_out_reg[1]/Q (HIGH)

 There are 11 register/latch pins with no clock driven by root clock pin: buzzer/b1/input_note_record_out_reg[2]/Q (HIGH)

 There are 11 register/latch pins with no clock driven by root clock pin: buzzer/b1/input_note_record_out_reg[3]/Q (HIGH)

 There are 11 register/latch pins with no clock driven by root clock pin: buzzer/b1/input_note_record_out_reg[4]/Q (HIGH)

 There are 11 register/latch pins with no clock driven by root clock pin: buzzer/b1/input_note_record_out_reg[5]/Q (HIGH)

 There are 11 register/latch pins with no clock driven by root clock pin: buzzer/b1/input_note_record_out_reg[6]/Q (HIGH)

 There are 11 register/latch pins with no clock driven by root clock pin: buzzer/b1/note_group_out_reg[0]/Q (HIGH)

 There are 11 register/latch pins with no clock driven by root clock pin: buzzer/b1/note_group_out_reg[1]/Q (HIGH)

 There are 9 register/latch pins with no clock driven by root clock pin: buzzer/b1/state_reg[0]/Q (HIGH)

 There are 20 register/latch pins with no clock driven by root clock pin: buzzer/b1/state_reg[1]/Q (HIGH)

 There are 7 register/latch pins with no clock driven by root clock pin: buzzer/nolabel_line72/com_pro/clk_div/cnt1_reg[0]/Q (HIGH)

 There are 7 register/latch pins with no clock driven by root clock pin: buzzer/nolabel_line72/com_pro/clk_div/cnt1_reg[1]/Q (HIGH)

 There are 7 register/latch pins with no clock driven by root clock pin: buzzer/nolabel_line72/com_pro/clk_div/cnt1_reg[2]/Q (HIGH)

 There are 7 register/latch pins with no clock driven by root clock pin: buzzer/nolabel_line72/com_pro/clk_div/cnt1_reg[3]/Q (HIGH)

 There are 7 register/latch pins with no clock driven by root clock pin: buzzer/nolabel_line72/com_pro/clk_div/cnt1_reg[4]/Q (HIGH)

 There are 7 register/latch pins with no clock driven by root clock pin: buzzer/nolabel_line72/com_pro/clk_div/cnt1_reg[5]/Q (HIGH)

 There are 7 register/latch pins with no clock driven by root clock pin: buzzer/nolabel_line72/com_pro/clk_div/cnt1_reg[6]/Q (HIGH)

 There are 7 register/latch pins with no clock driven by root clock pin: buzzer/nolabel_line72/com_pro/clk_div/cnt1_reg[7]/Q (HIGH)

 There are 7 register/latch pins with no clock driven by root clock pin: buzzer/nolabel_line72/com_pro/clk_div/cnt1_reg[8]/Q (HIGH)

 There are 7 register/latch pins with no clock driven by root clock pin: buzzer/nolabel_line72/com_pro/clk_div/cnt1_reg[9]/Q (HIGH)

 There are 2 register/latch pins with no clock driven by root clock pin: buzzer/nolabel_line72/com_pro/clk_div/cnt2_reg[1]/Q (HIGH)

 There are 2 register/latch pins with no clock driven by root clock pin: buzzer/nolabel_line72/com_pro/clk_div/cnt2_reg[2]/Q (HIGH)

 There are 2 register/latch pins with no clock driven by root clock pin: buzzer/nolabel_line72/com_pro/clk_div/cnt2_reg[3]/Q (HIGH)

 There are 2 register/latch pins with no clock driven by root clock pin: buzzer/nolabel_line72/com_pro/clk_div/cnt2_reg[4]/Q (HIGH)

 There are 2 register/latch pins with no clock driven by root clock pin: buzzer/nolabel_line72/com_pro/clk_div/cnt2_reg[5]/Q (HIGH)

 There are 2 register/latch pins with no clock driven by root clock pin: buzzer/nolabel_line72/com_pro/clk_div/cnt2_reg[6]/Q (HIGH)

 There are 1800 register/latch pins with no clock driven by root clock pin: buzzer/nolabel_line72/com_pro/temp1_reg/Q (HIGH)

 There are 1800 register/latch pins with no clock driven by root clock pin: buzzer/nolabel_line72/com_pro/temp2_reg/Q (HIGH)

 There are 11 register/latch pins with no clock driven by root clock pin: buzzer/nolabel_line72/k2/group_reg[0]/Q (HIGH)

 There are 11 register/latch pins with no clock driven by root clock pin: buzzer/nolabel_line72/k2/group_reg[1]/Q (HIGH)

 There are 11 register/latch pins with no clock driven by root clock pin: buzzer/nolabel_line72/music_reg[0]/Q (HIGH)

 There are 11 register/latch pins with no clock driven by root clock pin: buzzer/nolabel_line72/music_reg[1]/Q (HIGH)

 There are 11 register/latch pins with no clock driven by root clock pin: buzzer/nolabel_line72/music_reg[2]/Q (HIGH)

 There are 54 register/latch pins with no clock driven by root clock pin: buzzer/u2/State_of_songs_reg[0]/Q (HIGH)

 There are 54 register/latch pins with no clock driven by root clock pin: buzzer/u2/State_of_songs_reg[1]/Q (HIGH)

 There are 14 register/latch pins with no clock driven by root clock pin: buzzer/u2/cd1/clk_out_reg/Q (HIGH)

 There are 11 register/latch pins with no clock driven by root clock pin: buzzer/u2/control_group_reg[0]/Q (HIGH)

 There are 11 register/latch pins with no clock driven by root clock pin: buzzer/u2/control_group_reg[1]/Q (HIGH)

 There are 11 register/latch pins with no clock driven by root clock pin: buzzer/u2/music_reg[0]/Q (HIGH)

 There are 11 register/latch pins with no clock driven by root clock pin: buzzer/u2/music_reg[1]/Q (HIGH)

 There are 11 register/latch pins with no clock driven by root clock pin: buzzer/u2/music_reg[2]/Q (HIGH)

 There are 4 register/latch pins with no clock driven by root clock pin: light/FSM_sequential_state_reg[0]/Q (HIGH)

 There are 4 register/latch pins with no clock driven by root clock pin: light/FSM_sequential_state_reg[1]/Q (HIGH)

 There are 4 register/latch pins with no clock driven by root clock pin: light/FSM_sequential_state_reg[2]/Q (HIGH)

 There are 4 register/latch pins with no clock driven by root clock pin: light/FSM_sequential_state_reg[3]/Q (HIGH)

 There is 1 register/latch pin with no clock driven by root clock pin: light/display_reg[7][1]/Q (HIGH)

 There is 1 register/latch pin with no clock driven by root clock pin: light/display_reg[7][2]/Q (HIGH)

 There is 1 register/latch pin with no clock driven by root clock pin: light/display_reg[7][4]/Q (HIGH)

 There is 1 register/latch pin with no clock driven by root clock pin: light/display_reg[7][5]/Q (HIGH)

 There is 1 register/latch pin with no clock driven by root clock pin: light/display_reg[7][6]/Q (HIGH)

 There is 1 register/latch pin with no clock driven by root clock pin: light/display_reg[7][7]/Q (HIGH)

 There are 54 register/latch pins with no clock driven by root clock pin: light/mode_reg[0]_C/Q (HIGH)

 There are 54 register/latch pins with no clock driven by root clock pin: light/mode_reg[0]_LDC/Q (HIGH)

 There are 54 register/latch pins with no clock driven by root clock pin: light/mode_reg[0]_P/Q (HIGH)

 There are 54 register/latch pins with no clock driven by root clock pin: light/mode_reg[1]_C/Q (HIGH)

 There are 54 register/latch pins with no clock driven by root clock pin: light/mode_reg[1]_LDC/Q (HIGH)

 There are 54 register/latch pins with no clock driven by root clock pin: light/mode_reg[1]_P/Q (HIGH)

 There are 54 register/latch pins with no clock driven by root clock pin: light/mode_reg[2]_C/Q (HIGH)

 There are 54 register/latch pins with no clock driven by root clock pin: light/mode_reg[2]_LDC/Q (HIGH)

 There are 54 register/latch pins with no clock driven by root clock pin: light/mode_reg[2]_P/Q (HIGH)


2. checking constant_clock
--------------------------
 There are 0 register/latch pins with constant_clock.


3. checking pulse_width_clock
-----------------------------
 There are 0 register/latch pins which need pulse_width check


4. checking unconstrained_internal_endpoints
--------------------------------------------
 There are 4547 pins that are not constrained for maximum delay. (HIGH)

 There are 0 pins that are not constrained for maximum delay due to constant clock.


5. checking no_input_delay
--------------------------
 There are 21 input ports with no input delay specified. (HIGH)

 There are 0 input ports with no input delay but user has a false path constraint.


6. checking no_output_delay
---------------------------
 There are 31 ports with no output delay specified. (HIGH)

 There are 0 ports with no output delay but user has a false path constraint

 There are 0 ports with no output delay but with a timing clock defined on it or propagating through it


7. checking multiple_clock
--------------------------
 There are 0 register/latch pins with multiple clocks.


8. checking generated_clocks
----------------------------
 There are 0 generated clocks that are not connected to a clock source.


9. checking loops
-----------------
 There are 0 combinational loops in the design.


10. checking partial_input_delay
--------------------------------
 There are 0 input ports with partial input delay specified.


11. checking partial_output_delay
---------------------------------
 There are 0 ports with partial output delay specified.


12. checking latch_loops
------------------------
 There are 7 combinational latch loops in the design through latch input (HIGH)



------------------------------------------------------------------------------------------------
| Design Timing Summary
| ---------------------
------------------------------------------------------------------------------------------------

    WNS(ns)      TNS(ns)  TNS Failing Endpoints  TNS Total Endpoints      WHS(ns)      THS(ns)  THS Failing Endpoints  THS Total Endpoints     WPWS(ns)     TPWS(ns)  TPWS Failing Endpoints  TPWS Total Endpoints  
    -------      -------  ---------------------  -------------------      -------      -------  ---------------------  -------------------     --------     --------  ----------------------  --------------------  
         NA           NA                     NA                   NA           NA           NA                     NA                   NA           NA           NA                      NA                    NA  


There are no user specified timing constraints.


------------------------------------------------------------------------------------------------
| Clock Summary
| -------------
------------------------------------------------------------------------------------------------


------------------------------------------------------------------------------------------------
| Intra Clock Table
| -----------------
------------------------------------------------------------------------------------------------

Clock             WNS(ns)      TNS(ns)  TNS Failing Endpoints  TNS Total Endpoints      WHS(ns)      THS(ns)  THS Failing Endpoints  THS Total Endpoints     WPWS(ns)     TPWS(ns)  TPWS Failing Endpoints  TPWS Total Endpoints  
-----             -------      -------  ---------------------  -------------------      -------      -------  ---------------------  -------------------     --------     --------  ----------------------  --------------------  


------------------------------------------------------------------------------------------------
| Inter Clock Table
| -----------------
------------------------------------------------------------------------------------------------

From Clock    To Clock          WNS(ns)      TNS(ns)  TNS Failing Endpoints  TNS Total Endpoints      WHS(ns)      THS(ns)  THS Failing Endpoints  THS Total Endpoints  
----------    --------          -------      -------  ---------------------  -------------------      -------      -------  ---------------------  -------------------  


------------------------------------------------------------------------------------------------
| Other Path Groups Table
| -----------------------
------------------------------------------------------------------------------------------------

Path Group    From Clock    To Clock          WNS(ns)      TNS(ns)  TNS Failing Endpoints  TNS Total Endpoints      WHS(ns)      THS(ns)  THS Failing Endpoints  THS Total Endpoints  
----------    ----------    --------          -------      -------  ---------------------  -------------------      -------      -------  ---------------------  -------------------  


------------------------------------------------------------------------------------------------
| Timing Details
| --------------
------------------------------------------------------------------------------------------------


