Copyright 1986-2017 Xilinx, Inc. All Rights Reserved.
-------------------------------------------------------------------------------------------------------------------------------------------------
| Tool Version     : Vivado v.2017.4 (win64) Build 2086221 Fri Dec 15 20:55:39 MST 2017
| Date             : Wed Dec 27 18:05:00 2023
| Host             : LegionWells running 64-bit major release  (build 9200)
| Command          : report_power -file MiniPiano_power_routed.rpt -pb MiniPiano_power_summary_routed.pb -rpx MiniPiano_power_routed.rpx
| Design           : MiniPiano
| Device           : xc7a35tcsg324-1
| Design State     : routed
| Grade            : commercial
| Process          : typical
| Characterization : Production
-------------------------------------------------------------------------------------------------------------------------------------------------

Power Report

Table of Contents
-----------------
1. Summary
1.1 On-Chip Components
1.2 Power Supply Summary
1.3 Confidence Level
2. Settings
2.1 Environment
2.2 Clock Constraints
3. Detailed Reports
3.1 By Hierarchy

1. Summary
----------

+--------------------------+----------------------------------+
| Total On-Chip Power (W)  | 47.215 (Junction temp exceeded!) |
| Design Power Budget (W)  | Unspecified*                     |
| Power Budget Margin (W)  | NA                               |
| Dynamic (W)              | 46.712                           |
| Device Static (W)        | 0.503                            |
| Effective TJA (C/W)      | 4.8                              |
| Max Ambient (C)          | 0.0                              |
| Junction Temperature (C) | 125.0                            |
| Confidence Level         | Low                              |
| Setting File             | ---                              |
| Simulation Activity File | ---                              |
| Design Nets Matched      | NA                               |
+--------------------------+----------------------------------+
* Specify Design Power Budget using, set_operating_conditions -design_power_budget <value in Watts>


1.1 On-Chip Components
----------------------

+--------------------------+-----------+----------+-----------+-----------------+
| On-Chip                  | Power (W) | Used     | Available | Utilization (%) |
+--------------------------+-----------+----------+-----------+-----------------+
| Slice Logic              |    12.016 |     6526 |       --- |             --- |
|   LUT as Logic           |    10.168 |     2766 |     20800 |           13.30 |
|   CARRY4                 |     1.659 |      343 |      8150 |            4.21 |
|   Register               |     0.076 |     2491 |     41600 |            5.99 |
|   F7/F8 Muxes            |     0.052 |      381 |     32600 |            1.17 |
|   BUFG                   |     0.049 |        9 |        32 |           28.13 |
|   LUT as Distributed RAM |     0.012 |        7 |      9600 |            0.07 |
|   Others                 |     0.000 |      139 |       --- |             --- |
| Signals                  |    10.860 |     5053 |       --- |             --- |
| Block RAM                |     0.539 |     27.5 |        50 |           55.00 |
| MMCM                     |    12.197 |        3 |         5 |           60.00 |
| I/O                      |    11.099 |       72 |       210 |           34.29 |
| Static Power             |     0.503 |          |           |                 |
| Total                    |    47.215 |          |           |                 |
+--------------------------+-----------+----------+-----------+-----------------+


1.2 Power Supply Summary
------------------------

+-----------+-------------+-----------+-------------+------------+
| Source    | Voltage (V) | Total (A) | Dynamic (A) | Static (A) |
+-----------+-------------+-----------+-------------+------------+
| Vccint    |       1.000 |    23.881 |      23.531 |      0.349 |
| Vccaux    |       1.800 |     7.189 |       7.136 |      0.053 |
| Vcco33    |       3.300 |     3.119 |       3.118 |      0.001 |
| Vcco25    |       2.500 |     0.000 |       0.000 |      0.000 |
| Vcco18    |       1.800 |     0.000 |       0.000 |      0.000 |
| Vcco15    |       1.500 |     0.000 |       0.000 |      0.000 |
| Vcco135   |       1.350 |     0.000 |       0.000 |      0.000 |
| Vcco12    |       1.200 |     0.000 |       0.000 |      0.000 |
| Vccaux_io |       1.800 |     0.000 |       0.000 |      0.000 |
| Vccbram   |       1.000 |     0.065 |       0.047 |      0.019 |
| MGTAVcc   |       1.000 |     0.000 |       0.000 |      0.000 |
| MGTAVtt   |       1.200 |     0.000 |       0.000 |      0.000 |
| Vccadc    |       1.800 |     0.020 |       0.000 |      0.020 |
+-----------+-------------+-----------+-------------+------------+


1.3 Confidence Level
--------------------

+-----------------------------+------------+--------------------------------------------------------+--------------------------------------------------------------------------------------------------------------------+
| User Input Data             | Confidence | Details                                                | Action                                                                                                             |
+-----------------------------+------------+--------------------------------------------------------+--------------------------------------------------------------------------------------------------------------------+
| Design implementation state | High       | Design is routed                                       |                                                                                                                    |
| Clock nodes activity        | Low        | User specified less than 75% of clocks                 | Provide missing clock activity with a constraint file, simulation results or by editing the "By Clock Domain" view |
| I/O nodes activity          | Low        | More than 75% of inputs are missing user specification | Provide missing input activity with simulation results or by editing the "By Resource Type -> I/Os" view           |
| Internal nodes activity     | Medium     | User specified less than 25% of internal nodes         | Provide missing internal nodes activity with simulation results or by editing the "By Resource Type" views         |
| Device models               | High       | Device models are Production                           |                                                                                                                    |
|                             |            |                                                        |                                                                                                                    |
| Overall confidence level    | Low        |                                                        |                                                                                                                    |
+-----------------------------+------------+--------------------------------------------------------+--------------------------------------------------------------------------------------------------------------------+


2. Settings
-----------

2.1 Environment
---------------

+-----------------------+--------------------------+
| Ambient Temp (C)      | 25.0                     |
| ThetaJA (C/W)         | 4.8                      |
| Airflow (LFM)         | 250                      |
| Heat Sink             | medium (Medium Profile)  |
| ThetaSA (C/W)         | 4.6                      |
| Board Selection       | medium (10"x10")         |
| # of Board Layers     | 12to15 (12 to 15 Layers) |
| Board Temperature (C) | 25.0                     |
+-----------------------+--------------------------+


2.2 Clock Constraints
---------------------

+-------+--------+-----------------+
| Clock | Domain | Constraint (ns) |
+-------+--------+-----------------+


3. Detailed Reports
-------------------

3.1 By Hierarchy
----------------

+----------------------------------------------------+-----------+
| Name                                               | Power (W) |
+----------------------------------------------------+-----------+
| MiniPiano                                          |    46.712 |
|   buzzer                                           |    18.534 |
|     b1                                             |     0.726 |
|       k_record                                     |     0.114 |
|       u_ram1                                       |     0.070 |
|         U0                                         |     0.070 |
|           inst_blk_mem_gen                         |     0.070 |
|             gnbram.gnativebmg.native_blk_mem_gen   |     0.070 |
|               valid.cstr                           |     0.070 |
|                 ramloop[0].ram.r                   |     0.070 |
|                   prim_noinit.ram                  |     0.070 |
|       u_ram2                                       |     0.061 |
|         U0                                         |     0.061 |
|           inst_blk_mem_gen                         |     0.061 |
|             gnbram.gnativebmg.native_blk_mem_gen   |     0.061 |
|               valid.cstr                           |     0.061 |
|                 ramloop[0].ram.r                   |     0.061 |
|                   prim_noinit.ram                  |     0.061 |
|     nolabel_line72                                 |     2.848 |
|       com_pro                                      |     0.028 |
|         clk_div                                    |     0.022 |
|       k1                                           |     1.047 |
|     u1                                             |     0.090 |
|     u2                                             |     0.520 |
|       cd1                                          |     0.147 |
|       level_reg_0_3_0_0                            |     0.003 |
|       level_reg_0_3_1_1                            |     0.008 |
|       level_reg_0_3_2_2                            |     0.014 |
|       level_reg_0_3_3_3                            |     0.013 |
|       level_reg_0_3_4_4                            |     0.007 |
|       level_reg_0_3_5_5                            |     0.007 |
|       level_reg_0_3_6_6                            |     0.003 |
|     u3                                             |    13.790 |
|     u4                                             |     0.559 |
|   light                                            |     0.341 |
|   nolabel_line63                                   |    15.020 |
|     u_character                                    |     4.493 |
|       u_clk25                                      |     4.096 |
|         inst                                       |     4.096 |
|       vga_driver_character                         |     0.310 |
|     u_game                                         |     5.646 |
|       u2_clk25                                     |     4.092 |
|         inst                                       |     4.092 |
|       u_game_rgb_out                               |     1.554 |
|         vga_driver_moving_block                    |     0.256 |
|     u_pic                                          |     4.880 |
|       u3_clk25                                     |     4.124 |
|         inst                                       |     4.124 |
|       u_pic_data                                   |     0.579 |
|         nolabel_line78                             |     0.528 |
|           U0                                       |     0.528 |
|             inst_blk_mem_gen                       |     0.528 |
|               gnbram.gnativebmg.native_blk_mem_gen |     0.528 |
|                 valid.cstr                         |     0.528 |
|                   bindec_a.bindec_inst_a           |     0.004 |
|                   has_mux_a.A                      |     0.045 |
|                   ramloop[0].ram.r                 |     0.118 |
|                     prim_init.ram                  |     0.118 |
|                   ramloop[10].ram.r                |     0.004 |
|                     prim_init.ram                  |     0.004 |
|                   ramloop[11].ram.r                |     0.005 |
|                     prim_init.ram                  |     0.005 |
|                   ramloop[12].ram.r                |     0.005 |
|                     prim_init.ram                  |     0.005 |
|                   ramloop[13].ram.r                |     0.005 |
|                     prim_init.ram                  |     0.005 |
|                   ramloop[14].ram.r                |     0.005 |
|                     prim_init.ram                  |     0.005 |
|                   ramloop[15].ram.r                |     0.004 |
|                     prim_init.ram                  |     0.004 |
|                   ramloop[16].ram.r                |     0.005 |
|                     prim_init.ram                  |     0.005 |
|                   ramloop[17].ram.r                |     0.005 |
|                     prim_init.ram                  |     0.005 |
|                   ramloop[18].ram.r                |     0.005 |
|                     prim_init.ram                  |     0.005 |
|                   ramloop[19].ram.r                |     0.005 |
|                     prim_init.ram                  |     0.005 |
|                   ramloop[1].ram.r                 |     0.010 |
|                     prim_init.ram                  |     0.010 |
|                   ramloop[20].ram.r                |     0.005 |
|                     prim_init.ram                  |     0.005 |
|                   ramloop[21].ram.r                |     0.004 |
|                     prim_init.ram                  |     0.004 |
|                   ramloop[22].ram.r                |     0.005 |
|                     prim_init.ram                  |     0.005 |
|                   ramloop[23].ram.r                |     0.004 |
|                     prim_init.ram                  |     0.004 |
|                   ramloop[2].ram.r                 |     0.124 |
|                     prim_init.ram                  |     0.124 |
|                   ramloop[3].ram.r                 |     0.014 |
|                     prim_init.ram                  |     0.014 |
|                   ramloop[4].ram.r                 |     0.121 |
|                     prim_init.ram                  |     0.121 |
|                   ramloop[5].ram.r                 |     0.005 |
|                     prim_init.ram                  |     0.005 |
|                   ramloop[6].ram.r                 |     0.005 |
|                     prim_init.ram                  |     0.005 |
|                   ramloop[7].ram.r                 |     0.005 |
|                     prim_init.ram                  |     0.005 |
|                   ramloop[8].ram.r                 |     0.005 |
|                     prim_init.ram                  |     0.005 |
|                   ramloop[9].ram.r                 |     0.005 |
|                     prim_init.ram                  |     0.005 |
|       vga_driver_pic1                              |     0.176 |
+----------------------------------------------------+-----------+


