
*** Running vivado
    with args -log Buzzer.vds -m64 -product Vivado -mode batch -messageDb vivado.pb -notrace -source Buzzer.tcl


****** Vivado v2017.4 (64-bit)
  **** SW Build 2086221 on Fri Dec 15 20:55:39 MST 2017
  **** IP Build 2085800 on Fri Dec 15 22:25:07 MST 2017
    ** Copyright 1986-2017 Xilinx, Inc. All Rights Reserved.

source Buzzer.tcl -notrace
Command: synth_design -top Buzzer -part xc7a35tcsg324-1
Starting synth_design
Attempting to get a license for feature 'Synthesis' and/or device 'xc7a35t'
INFO: [Common 17-349] Got license for feature 'Synthesis' and/or device 'xc7a35t'
INFO: Launching helper process for spawning children vivado processes
INFO: Helper process launched with PID 18292 
WARNING: [Synth 8-1102] /* in comment [E:/Mini_Piano/Mini_Piano.srcs/sources_1/new/Buzzer.v:58]
---------------------------------------------------------------------------------
Starting RTL Elaboration : Time (s): cpu = 00:00:02 ; elapsed = 00:00:04 . Memory (MB): peak = 341.539 ; gain = 111.977
---------------------------------------------------------------------------------
INFO: [Synth 8-638] synthesizing module 'Buzzer' [E:/Mini_Piano/Mini_Piano.srcs/sources_1/new/Buzzer.v:23]
INFO: [Synth 8-638] synthesizing module 'Speed_Control' [E:/Mini_Piano/Mini_Piano.srcs/sources_1/new/Speed_Control.v:24]
	Parameter T_125ms bound to: 12500000 - type: integer 
INFO: [Synth 8-256] done synthesizing module 'Speed_Control' (1#1) [E:/Mini_Piano/Mini_Piano.srcs/sources_1/new/Speed_Control.v:24]
INFO: [Synth 8-638] synthesizing module 'Key_Adjustment' [E:/Mini_Piano/Mini_Piano.srcs/sources_1/new/Key_Adjustment.v:23]
	Parameter O bound to: 8'b00000000 
	Parameter C bound to: 8'b10000000 
	Parameter D bound to: 8'b01000000 
	Parameter E bound to: 8'b00100000 
	Parameter F bound to: 8'b00010000 
	Parameter G bound to: 8'b00001000 
	Parameter A bound to: 8'b00000100 
	Parameter B bound to: 8'b00000010 
INFO: [Synth 8-155] case statement is not full and has no default [E:/Mini_Piano/Mini_Piano.srcs/sources_1/new/Key_Adjustment.v:80]
INFO: [Synth 8-638] synthesizing module 'Keyboard' [E:/Mini_Piano/Mini_Piano.srcs/sources_1/new/Keyboard.v:23]
INFO: [Synth 8-155] case statement is not full and has no default [E:/Mini_Piano/Mini_Piano.srcs/sources_1/new/Keyboard.v:42]
INFO: [Synth 8-256] done synthesizing module 'Keyboard' (2#1) [E:/Mini_Piano/Mini_Piano.srcs/sources_1/new/Keyboard.v:23]
INFO: [Synth 8-155] case statement is not full and has no default [E:/Mini_Piano/Mini_Piano.srcs/sources_1/new/Key_Adjustment.v:104]
WARNING: [Synth 8-6014] Unused sequential element ifFinish_reg was removed.  [E:/Mini_Piano/Mini_Piano.srcs/sources_1/new/Key_Adjustment.v:78]
CRITICAL WARNING: [Synth 8-5413] Mix of synchronous and asynchronous control for register next_state_reg in module Key_Adjustment. [E:/Mini_Piano/Mini_Piano.srcs/sources_1/new/Key_Adjustment.v:78]
WARNING: [Synth 8-5788] Register convert_reg[255] in module Key_Adjustment is has both Set and reset with same priority. This may cause simulation mismatches. Consider rewriting code  [E:/Mini_Piano/Mini_Piano.srcs/sources_1/new/Key_Adjustment.v:66]
WARNING: [Synth 8-5788] Register convert_reg[254] in module Key_Adjustment is has both Set and reset with same priority. This may cause simulation mismatches. Consider rewriting code  [E:/Mini_Piano/Mini_Piano.srcs/sources_1/new/Key_Adjustment.v:66]
WARNING: [Synth 8-5788] Register convert_reg[253] in module Key_Adjustment is has both Set and reset with same priority. This may cause simulation mismatches. Consider rewriting code  [E:/Mini_Piano/Mini_Piano.srcs/sources_1/new/Key_Adjustment.v:66]
WARNING: [Synth 8-5788] Register convert_reg[252] in module Key_Adjustment is has both Set and reset with same priority. This may cause simulation mismatches. Consider rewriting code  [E:/Mini_Piano/Mini_Piano.srcs/sources_1/new/Key_Adjustment.v:66]
WARNING: [Synth 8-5788] Register convert_reg[251] in module Key_Adjustment is has both Set and reset with same priority. This may cause simulation mismatches. Consider rewriting code  [E:/Mini_Piano/Mini_Piano.srcs/sources_1/new/Key_Adjustment.v:66]
WARNING: [Synth 8-5788] Register convert_reg[250] in module Key_Adjustment is has both Set and reset with same priority. This may cause simulation mismatches. Consider rewriting code  [E:/Mini_Piano/Mini_Piano.srcs/sources_1/new/Key_Adjustment.v:66]
WARNING: [Synth 8-5788] Register convert_reg[249] in module Key_Adjustment is has both Set and reset with same priority. This may cause simulation mismatches. Consider rewriting code  [E:/Mini_Piano/Mini_Piano.srcs/sources_1/new/Key_Adjustment.v:66]
WARNING: [Synth 8-5788] Register convert_reg[248] in module Key_Adjustment is has both Set and reset with same priority. This may cause simulation mismatches. Consider rewriting code  [E:/Mini_Piano/Mini_Piano.srcs/sources_1/new/Key_Adjustment.v:66]
WARNING: [Synth 8-5788] Register convert_reg[247] in module Key_Adjustment is has both Set and reset with same priority. This may cause simulation mismatches. Consider rewriting code  [E:/Mini_Piano/Mini_Piano.srcs/sources_1/new/Key_Adjustment.v:66]
WARNING: [Synth 8-5788] Register convert_reg[246] in module Key_Adjustment is has both Set and reset with same priority. This may cause simulation mismatches. Consider rewriting code  [E:/Mini_Piano/Mini_Piano.srcs/sources_1/new/Key_Adjustment.v:66]
WARNING: [Synth 8-5788] Register convert_reg[245] in module Key_Adjustment is has both Set and reset with same priority. This may cause simulation mismatches. Consider rewriting code  [E:/Mini_Piano/Mini_Piano.srcs/sources_1/new/Key_Adjustment.v:66]
WARNING: [Synth 8-5788] Register convert_reg[244] in module Key_Adjustment is has both Set and reset with same priority. This may cause simulation mismatches. Consider rewriting code  [E:/Mini_Piano/Mini_Piano.srcs/sources_1/new/Key_Adjustment.v:66]
WARNING: [Synth 8-5788] Register convert_reg[243] in module Key_Adjustment is has both Set and reset with same priority. This may cause simulation mismatches. Consider rewriting code  [E:/Mini_Piano/Mini_Piano.srcs/sources_1/new/Key_Adjustment.v:66]
WARNING: [Synth 8-5788] Register convert_reg[242] in module Key_Adjustment is has both Set and reset with same priority. This may cause simulation mismatches. Consider rewriting code  [E:/Mini_Piano/Mini_Piano.srcs/sources_1/new/Key_Adjustment.v:66]
WARNING: [Synth 8-5788] Register convert_reg[241] in module Key_Adjustment is has both Set and reset with same priority. This may cause simulation mismatches. Consider rewriting code  [E:/Mini_Piano/Mini_Piano.srcs/sources_1/new/Key_Adjustment.v:66]
WARNING: [Synth 8-5788] Register convert_reg[240] in module Key_Adjustment is has both Set and reset with same priority. This may cause simulation mismatches. Consider rewriting code  [E:/Mini_Piano/Mini_Piano.srcs/sources_1/new/Key_Adjustment.v:66]
WARNING: [Synth 8-5788] Register convert_reg[239] in module Key_Adjustment is has both Set and reset with same priority. This may cause simulation mismatches. Consider rewriting code  [E:/Mini_Piano/Mini_Piano.srcs/sources_1/new/Key_Adjustment.v:66]
WARNING: [Synth 8-5788] Register convert_reg[238] in module Key_Adjustment is has both Set and reset with same priority. This may cause simulation mismatches. Consider rewriting code  [E:/Mini_Piano/Mini_Piano.srcs/sources_1/new/Key_Adjustment.v:66]
WARNING: [Synth 8-5788] Register convert_reg[237] in module Key_Adjustment is has both Set and reset with same priority. This may cause simulation mismatches. Consider rewriting code  [E:/Mini_Piano/Mini_Piano.srcs/sources_1/new/Key_Adjustment.v:66]
WARNING: [Synth 8-5788] Register convert_reg[236] in module Key_Adjustment is has both Set and reset with same priority. This may cause simulation mismatches. Consider rewriting code  [E:/Mini_Piano/Mini_Piano.srcs/sources_1/new/Key_Adjustment.v:66]
WARNING: [Synth 8-5788] Register convert_reg[235] in module Key_Adjustment is has both Set and reset with same priority. This may cause simulation mismatches. Consider rewriting code  [E:/Mini_Piano/Mini_Piano.srcs/sources_1/new/Key_Adjustment.v:66]
WARNING: [Synth 8-5788] Register convert_reg[234] in module Key_Adjustment is has both Set and reset with same priority. This may cause simulation mismatches. Consider rewriting code  [E:/Mini_Piano/Mini_Piano.srcs/sources_1/new/Key_Adjustment.v:66]
WARNING: [Synth 8-5788] Register convert_reg[233] in module Key_Adjustment is has both Set and reset with same priority. This may cause simulation mismatches. Consider rewriting code  [E:/Mini_Piano/Mini_Piano.srcs/sources_1/new/Key_Adjustment.v:66]
WARNING: [Synth 8-5788] Register convert_reg[232] in module Key_Adjustment is has both Set and reset with same priority. This may cause simulation mismatches. Consider rewriting code  [E:/Mini_Piano/Mini_Piano.srcs/sources_1/new/Key_Adjustment.v:66]
WARNING: [Synth 8-5788] Register convert_reg[231] in module Key_Adjustment is has both Set and reset with same priority. This may cause simulation mismatches. Consider rewriting code  [E:/Mini_Piano/Mini_Piano.srcs/sources_1/new/Key_Adjustment.v:66]
WARNING: [Synth 8-5788] Register convert_reg[230] in module Key_Adjustment is has both Set and reset with same priority. This may cause simulation mismatches. Consider rewriting code  [E:/Mini_Piano/Mini_Piano.srcs/sources_1/new/Key_Adjustment.v:66]
WARNING: [Synth 8-5788] Register convert_reg[229] in module Key_Adjustment is has both Set and reset with same priority. This may cause simulation mismatches. Consider rewriting code  [E:/Mini_Piano/Mini_Piano.srcs/sources_1/new/Key_Adjustment.v:66]
WARNING: [Synth 8-5788] Register convert_reg[228] in module Key_Adjustment is has both Set and reset with same priority. This may cause simulation mismatches. Consider rewriting code  [E:/Mini_Piano/Mini_Piano.srcs/sources_1/new/Key_Adjustment.v:66]
WARNING: [Synth 8-5788] Register convert_reg[227] in module Key_Adjustment is has both Set and reset with same priority. This may cause simulation mismatches. Consider rewriting code  [E:/Mini_Piano/Mini_Piano.srcs/sources_1/new/Key_Adjustment.v:66]
WARNING: [Synth 8-5788] Register convert_reg[226] in module Key_Adjustment is has both Set and reset with same priority. This may cause simulation mismatches. Consider rewriting code  [E:/Mini_Piano/Mini_Piano.srcs/sources_1/new/Key_Adjustment.v:66]
WARNING: [Synth 8-5788] Register convert_reg[225] in module Key_Adjustment is has both Set and reset with same priority. This may cause simulation mismatches. Consider rewriting code  [E:/Mini_Piano/Mini_Piano.srcs/sources_1/new/Key_Adjustment.v:66]
WARNING: [Synth 8-5788] Register convert_reg[224] in module Key_Adjustment is has both Set and reset with same priority. This may cause simulation mismatches. Consider rewriting code  [E:/Mini_Piano/Mini_Piano.srcs/sources_1/new/Key_Adjustment.v:66]
WARNING: [Synth 8-5788] Register convert_reg[223] in module Key_Adjustment is has both Set and reset with same priority. This may cause simulation mismatches. Consider rewriting code  [E:/Mini_Piano/Mini_Piano.srcs/sources_1/new/Key_Adjustment.v:66]
WARNING: [Synth 8-5788] Register convert_reg[222] in module Key_Adjustment is has both Set and reset with same priority. This may cause simulation mismatches. Consider rewriting code  [E:/Mini_Piano/Mini_Piano.srcs/sources_1/new/Key_Adjustment.v:66]
WARNING: [Synth 8-5788] Register convert_reg[221] in module Key_Adjustment is has both Set and reset with same priority. This may cause simulation mismatches. Consider rewriting code  [E:/Mini_Piano/Mini_Piano.srcs/sources_1/new/Key_Adjustment.v:66]
WARNING: [Synth 8-5788] Register convert_reg[220] in module Key_Adjustment is has both Set and reset with same priority. This may cause simulation mismatches. Consider rewriting code  [E:/Mini_Piano/Mini_Piano.srcs/sources_1/new/Key_Adjustment.v:66]
WARNING: [Synth 8-5788] Register convert_reg[219] in module Key_Adjustment is has both Set and reset with same priority. This may cause simulation mismatches. Consider rewriting code  [E:/Mini_Piano/Mini_Piano.srcs/sources_1/new/Key_Adjustment.v:66]
WARNING: [Synth 8-5788] Register convert_reg[218] in module Key_Adjustment is has both Set and reset with same priority. This may cause simulation mismatches. Consider rewriting code  [E:/Mini_Piano/Mini_Piano.srcs/sources_1/new/Key_Adjustment.v:66]
WARNING: [Synth 8-5788] Register convert_reg[217] in module Key_Adjustment is has both Set and reset with same priority. This may cause simulation mismatches. Consider rewriting code  [E:/Mini_Piano/Mini_Piano.srcs/sources_1/new/Key_Adjustment.v:66]
WARNING: [Synth 8-5788] Register convert_reg[216] in module Key_Adjustment is has both Set and reset with same priority. This may cause simulation mismatches. Consider rewriting code  [E:/Mini_Piano/Mini_Piano.srcs/sources_1/new/Key_Adjustment.v:66]
WARNING: [Synth 8-5788] Register convert_reg[215] in module Key_Adjustment is has both Set and reset with same priority. This may cause simulation mismatches. Consider rewriting code  [E:/Mini_Piano/Mini_Piano.srcs/sources_1/new/Key_Adjustment.v:66]
WARNING: [Synth 8-5788] Register convert_reg[214] in module Key_Adjustment is has both Set and reset with same priority. This may cause simulation mismatches. Consider rewriting code  [E:/Mini_Piano/Mini_Piano.srcs/sources_1/new/Key_Adjustment.v:66]
WARNING: [Synth 8-5788] Register convert_reg[213] in module Key_Adjustment is has both Set and reset with same priority. This may cause simulation mismatches. Consider rewriting code  [E:/Mini_Piano/Mini_Piano.srcs/sources_1/new/Key_Adjustment.v:66]
WARNING: [Synth 8-5788] Register convert_reg[212] in module Key_Adjustment is has both Set and reset with same priority. This may cause simulation mismatches. Consider rewriting code  [E:/Mini_Piano/Mini_Piano.srcs/sources_1/new/Key_Adjustment.v:66]
WARNING: [Synth 8-5788] Register convert_reg[211] in module Key_Adjustment is has both Set and reset with same priority. This may cause simulation mismatches. Consider rewriting code  [E:/Mini_Piano/Mini_Piano.srcs/sources_1/new/Key_Adjustment.v:66]
WARNING: [Synth 8-5788] Register convert_reg[210] in module Key_Adjustment is has both Set and reset with same priority. This may cause simulation mismatches. Consider rewriting code  [E:/Mini_Piano/Mini_Piano.srcs/sources_1/new/Key_Adjustment.v:66]
WARNING: [Synth 8-5788] Register convert_reg[209] in module Key_Adjustment is has both Set and reset with same priority. This may cause simulation mismatches. Consider rewriting code  [E:/Mini_Piano/Mini_Piano.srcs/sources_1/new/Key_Adjustment.v:66]
WARNING: [Synth 8-5788] Register convert_reg[208] in module Key_Adjustment is has both Set and reset with same priority. This may cause simulation mismatches. Consider rewriting code  [E:/Mini_Piano/Mini_Piano.srcs/sources_1/new/Key_Adjustment.v:66]
WARNING: [Synth 8-5788] Register convert_reg[207] in module Key_Adjustment is has both Set and reset with same priority. This may cause simulation mismatches. Consider rewriting code  [E:/Mini_Piano/Mini_Piano.srcs/sources_1/new/Key_Adjustment.v:66]
WARNING: [Synth 8-5788] Register convert_reg[206] in module Key_Adjustment is has both Set and reset with same priority. This may cause simulation mismatches. Consider rewriting code  [E:/Mini_Piano/Mini_Piano.srcs/sources_1/new/Key_Adjustment.v:66]
WARNING: [Synth 8-5788] Register convert_reg[205] in module Key_Adjustment is has both Set and reset with same priority. This may cause simulation mismatches. Consider rewriting code  [E:/Mini_Piano/Mini_Piano.srcs/sources_1/new/Key_Adjustment.v:66]
WARNING: [Synth 8-5788] Register convert_reg[204] in module Key_Adjustment is has both Set and reset with same priority. This may cause simulation mismatches. Consider rewriting code  [E:/Mini_Piano/Mini_Piano.srcs/sources_1/new/Key_Adjustment.v:66]
WARNING: [Synth 8-5788] Register convert_reg[203] in module Key_Adjustment is has both Set and reset with same priority. This may cause simulation mismatches. Consider rewriting code  [E:/Mini_Piano/Mini_Piano.srcs/sources_1/new/Key_Adjustment.v:66]
WARNING: [Synth 8-5788] Register convert_reg[202] in module Key_Adjustment is has both Set and reset with same priority. This may cause simulation mismatches. Consider rewriting code  [E:/Mini_Piano/Mini_Piano.srcs/sources_1/new/Key_Adjustment.v:66]
WARNING: [Synth 8-5788] Register convert_reg[201] in module Key_Adjustment is has both Set and reset with same priority. This may cause simulation mismatches. Consider rewriting code  [E:/Mini_Piano/Mini_Piano.srcs/sources_1/new/Key_Adjustment.v:66]
WARNING: [Synth 8-5788] Register convert_reg[200] in module Key_Adjustment is has both Set and reset with same priority. This may cause simulation mismatches. Consider rewriting code  [E:/Mini_Piano/Mini_Piano.srcs/sources_1/new/Key_Adjustment.v:66]
WARNING: [Synth 8-5788] Register convert_reg[199] in module Key_Adjustment is has both Set and reset with same priority. This may cause simulation mismatches. Consider rewriting code  [E:/Mini_Piano/Mini_Piano.srcs/sources_1/new/Key_Adjustment.v:66]
WARNING: [Synth 8-5788] Register convert_reg[198] in module Key_Adjustment is has both Set and reset with same priority. This may cause simulation mismatches. Consider rewriting code  [E:/Mini_Piano/Mini_Piano.srcs/sources_1/new/Key_Adjustment.v:66]
WARNING: [Synth 8-5788] Register convert_reg[197] in module Key_Adjustment is has both Set and reset with same priority. This may cause simulation mismatches. Consider rewriting code  [E:/Mini_Piano/Mini_Piano.srcs/sources_1/new/Key_Adjustment.v:66]
WARNING: [Synth 8-5788] Register convert_reg[196] in module Key_Adjustment is has both Set and reset with same priority. This may cause simulation mismatches. Consider rewriting code  [E:/Mini_Piano/Mini_Piano.srcs/sources_1/new/Key_Adjustment.v:66]
WARNING: [Synth 8-5788] Register convert_reg[195] in module Key_Adjustment is has both Set and reset with same priority. This may cause simulation mismatches. Consider rewriting code  [E:/Mini_Piano/Mini_Piano.srcs/sources_1/new/Key_Adjustment.v:66]
WARNING: [Synth 8-5788] Register convert_reg[194] in module Key_Adjustment is has both Set and reset with same priority. This may cause simulation mismatches. Consider rewriting code  [E:/Mini_Piano/Mini_Piano.srcs/sources_1/new/Key_Adjustment.v:66]
WARNING: [Synth 8-5788] Register convert_reg[193] in module Key_Adjustment is has both Set and reset with same priority. This may cause simulation mismatches. Consider rewriting code  [E:/Mini_Piano/Mini_Piano.srcs/sources_1/new/Key_Adjustment.v:66]
WARNING: [Synth 8-5788] Register convert_reg[192] in module Key_Adjustment is has both Set and reset with same priority. This may cause simulation mismatches. Consider rewriting code  [E:/Mini_Piano/Mini_Piano.srcs/sources_1/new/Key_Adjustment.v:66]
WARNING: [Synth 8-5788] Register convert_reg[191] in module Key_Adjustment is has both Set and reset with same priority. This may cause simulation mismatches. Consider rewriting code  [E:/Mini_Piano/Mini_Piano.srcs/sources_1/new/Key_Adjustment.v:66]
WARNING: [Synth 8-5788] Register convert_reg[190] in module Key_Adjustment is has both Set and reset with same priority. This may cause simulation mismatches. Consider rewriting code  [E:/Mini_Piano/Mini_Piano.srcs/sources_1/new/Key_Adjustment.v:66]
WARNING: [Synth 8-5788] Register convert_reg[189] in module Key_Adjustment is has both Set and reset with same priority. This may cause simulation mismatches. Consider rewriting code  [E:/Mini_Piano/Mini_Piano.srcs/sources_1/new/Key_Adjustment.v:66]
WARNING: [Synth 8-5788] Register convert_reg[188] in module Key_Adjustment is has both Set and reset with same priority. This may cause simulation mismatches. Consider rewriting code  [E:/Mini_Piano/Mini_Piano.srcs/sources_1/new/Key_Adjustment.v:66]
WARNING: [Synth 8-5788] Register convert_reg[187] in module Key_Adjustment is has both Set and reset with same priority. This may cause simulation mismatches. Consider rewriting code  [E:/Mini_Piano/Mini_Piano.srcs/sources_1/new/Key_Adjustment.v:66]
WARNING: [Synth 8-5788] Register convert_reg[186] in module Key_Adjustment is has both Set and reset with same priority. This may cause simulation mismatches. Consider rewriting code  [E:/Mini_Piano/Mini_Piano.srcs/sources_1/new/Key_Adjustment.v:66]
WARNING: [Synth 8-5788] Register convert_reg[185] in module Key_Adjustment is has both Set and reset with same priority. This may cause simulation mismatches. Consider rewriting code  [E:/Mini_Piano/Mini_Piano.srcs/sources_1/new/Key_Adjustment.v:66]
WARNING: [Synth 8-5788] Register convert_reg[184] in module Key_Adjustment is has both Set and reset with same priority. This may cause simulation mismatches. Consider rewriting code  [E:/Mini_Piano/Mini_Piano.srcs/sources_1/new/Key_Adjustment.v:66]
WARNING: [Synth 8-5788] Register convert_reg[183] in module Key_Adjustment is has both Set and reset with same priority. This may cause simulation mismatches. Consider rewriting code  [E:/Mini_Piano/Mini_Piano.srcs/sources_1/new/Key_Adjustment.v:66]
WARNING: [Synth 8-5788] Register convert_reg[182] in module Key_Adjustment is has both Set and reset with same priority. This may cause simulation mismatches. Consider rewriting code  [E:/Mini_Piano/Mini_Piano.srcs/sources_1/new/Key_Adjustment.v:66]
WARNING: [Synth 8-5788] Register convert_reg[181] in module Key_Adjustment is has both Set and reset with same priority. This may cause simulation mismatches. Consider rewriting code  [E:/Mini_Piano/Mini_Piano.srcs/sources_1/new/Key_Adjustment.v:66]
WARNING: [Synth 8-5788] Register convert_reg[180] in module Key_Adjustment is has both Set and reset with same priority. This may cause simulation mismatches. Consider rewriting code  [E:/Mini_Piano/Mini_Piano.srcs/sources_1/new/Key_Adjustment.v:66]
WARNING: [Synth 8-5788] Register convert_reg[179] in module Key_Adjustment is has both Set and reset with same priority. This may cause simulation mismatches. Consider rewriting code  [E:/Mini_Piano/Mini_Piano.srcs/sources_1/new/Key_Adjustment.v:66]
WARNING: [Synth 8-5788] Register convert_reg[178] in module Key_Adjustment is has both Set and reset with same priority. This may cause simulation mismatches. Consider rewriting code  [E:/Mini_Piano/Mini_Piano.srcs/sources_1/new/Key_Adjustment.v:66]
WARNING: [Synth 8-5788] Register convert_reg[177] in module Key_Adjustment is has both Set and reset with same priority. This may cause simulation mismatches. Consider rewriting code  [E:/Mini_Piano/Mini_Piano.srcs/sources_1/new/Key_Adjustment.v:66]
WARNING: [Synth 8-5788] Register convert_reg[176] in module Key_Adjustment is has both Set and reset with same priority. This may cause simulation mismatches. Consider rewriting code  [E:/Mini_Piano/Mini_Piano.srcs/sources_1/new/Key_Adjustment.v:66]
WARNING: [Synth 8-5788] Register convert_reg[175] in module Key_Adjustment is has both Set and reset with same priority. This may cause simulation mismatches. Consider rewriting code  [E:/Mini_Piano/Mini_Piano.srcs/sources_1/new/Key_Adjustment.v:66]
WARNING: [Synth 8-5788] Register convert_reg[174] in module Key_Adjustment is has both Set and reset with same priority. This may cause simulation mismatches. Consider rewriting code  [E:/Mini_Piano/Mini_Piano.srcs/sources_1/new/Key_Adjustment.v:66]
WARNING: [Synth 8-5788] Register convert_reg[173] in module Key_Adjustment is has both Set and reset with same priority. This may cause simulation mismatches. Consider rewriting code  [E:/Mini_Piano/Mini_Piano.srcs/sources_1/new/Key_Adjustment.v:66]
WARNING: [Synth 8-5788] Register convert_reg[172] in module Key_Adjustment is has both Set and reset with same priority. This may cause simulation mismatches. Consider rewriting code  [E:/Mini_Piano/Mini_Piano.srcs/sources_1/new/Key_Adjustment.v:66]
WARNING: [Synth 8-5788] Register convert_reg[171] in module Key_Adjustment is has both Set and reset with same priority. This may cause simulation mismatches. Consider rewriting code  [E:/Mini_Piano/Mini_Piano.srcs/sources_1/new/Key_Adjustment.v:66]
WARNING: [Synth 8-5788] Register convert_reg[170] in module Key_Adjustment is has both Set and reset with same priority. This may cause simulation mismatches. Consider rewriting code  [E:/Mini_Piano/Mini_Piano.srcs/sources_1/new/Key_Adjustment.v:66]
WARNING: [Synth 8-5788] Register convert_reg[169] in module Key_Adjustment is has both Set and reset with same priority. This may cause simulation mismatches. Consider rewriting code  [E:/Mini_Piano/Mini_Piano.srcs/sources_1/new/Key_Adjustment.v:66]
WARNING: [Synth 8-5788] Register convert_reg[168] in module Key_Adjustment is has both Set and reset with same priority. This may cause simulation mismatches. Consider rewriting code  [E:/Mini_Piano/Mini_Piano.srcs/sources_1/new/Key_Adjustment.v:66]
WARNING: [Synth 8-5788] Register convert_reg[167] in module Key_Adjustment is has both Set and reset with same priority. This may cause simulation mismatches. Consider rewriting code  [E:/Mini_Piano/Mini_Piano.srcs/sources_1/new/Key_Adjustment.v:66]
WARNING: [Synth 8-5788] Register convert_reg[166] in module Key_Adjustment is has both Set and reset with same priority. This may cause simulation mismatches. Consider rewriting code  [E:/Mini_Piano/Mini_Piano.srcs/sources_1/new/Key_Adjustment.v:66]
WARNING: [Synth 8-5788] Register convert_reg[165] in module Key_Adjustment is has both Set and reset with same priority. This may cause simulation mismatches. Consider rewriting code  [E:/Mini_Piano/Mini_Piano.srcs/sources_1/new/Key_Adjustment.v:66]
WARNING: [Synth 8-5788] Register convert_reg[164] in module Key_Adjustment is has both Set and reset with same priority. This may cause simulation mismatches. Consider rewriting code  [E:/Mini_Piano/Mini_Piano.srcs/sources_1/new/Key_Adjustment.v:66]
WARNING: [Synth 8-5788] Register convert_reg[163] in module Key_Adjustment is has both Set and reset with same priority. This may cause simulation mismatches. Consider rewriting code  [E:/Mini_Piano/Mini_Piano.srcs/sources_1/new/Key_Adjustment.v:66]
WARNING: [Synth 8-5788] Register convert_reg[162] in module Key_Adjustment is has both Set and reset with same priority. This may cause simulation mismatches. Consider rewriting code  [E:/Mini_Piano/Mini_Piano.srcs/sources_1/new/Key_Adjustment.v:66]
WARNING: [Synth 8-5788] Register convert_reg[161] in module Key_Adjustment is has both Set and reset with same priority. This may cause simulation mismatches. Consider rewriting code  [E:/Mini_Piano/Mini_Piano.srcs/sources_1/new/Key_Adjustment.v:66]
WARNING: [Synth 8-5788] Register convert_reg[160] in module Key_Adjustment is has both Set and reset with same priority. This may cause simulation mismatches. Consider rewriting code  [E:/Mini_Piano/Mini_Piano.srcs/sources_1/new/Key_Adjustment.v:66]
WARNING: [Synth 8-5788] Register convert_reg[159] in module Key_Adjustment is has both Set and reset with same priority. This may cause simulation mismatches. Consider rewriting code  [E:/Mini_Piano/Mini_Piano.srcs/sources_1/new/Key_Adjustment.v:66]
WARNING: [Synth 8-5788] Register convert_reg[158] in module Key_Adjustment is has both Set and reset with same priority. This may cause simulation mismatches. Consider rewriting code  [E:/Mini_Piano/Mini_Piano.srcs/sources_1/new/Key_Adjustment.v:66]
WARNING: [Synth 8-5788] Register convert_reg[157] in module Key_Adjustment is has both Set and reset with same priority. This may cause simulation mismatches. Consider rewriting code  [E:/Mini_Piano/Mini_Piano.srcs/sources_1/new/Key_Adjustment.v:66]
WARNING: [Synth 8-5788] Register convert_reg[156] in module Key_Adjustment is has both Set and reset with same priority. This may cause simulation mismatches. Consider rewriting code  [E:/Mini_Piano/Mini_Piano.srcs/sources_1/new/Key_Adjustment.v:66]
INFO: [Common 17-14] Message 'Synth 8-5788' appears 100 times and further instances of the messages will be disabled. Use the Tcl command set_msg_config to change the current settings.
INFO: [Synth 8-256] done synthesizing module 'Key_Adjustment' (3#1) [E:/Mini_Piano/Mini_Piano.srcs/sources_1/new/Key_Adjustment.v:23]
WARNING: [Synth 8-350] instance 'nolabel_line70' of module 'Key_Adjustment' requires 12 connections, but only 11 given [E:/Mini_Piano/Mini_Piano.srcs/sources_1/new/Buzzer.v:70]
INFO: [Synth 8-638] synthesizing module 'Frequency_Divider' [E:/Mini_Piano/Mini_Piano.srcs/sources_1/new/Frequency_Divider.v:23]
INFO: [Synth 8-155] case statement is not full and has no default [E:/Mini_Piano/Mini_Piano.srcs/sources_1/new/Frequency_Divider.v:36]
INFO: [Synth 8-155] case statement is not full and has no default [E:/Mini_Piano/Mini_Piano.srcs/sources_1/new/Frequency_Divider.v:42]
INFO: [Synth 8-155] case statement is not full and has no default [E:/Mini_Piano/Mini_Piano.srcs/sources_1/new/Frequency_Divider.v:48]
INFO: [Synth 8-155] case statement is not full and has no default [E:/Mini_Piano/Mini_Piano.srcs/sources_1/new/Frequency_Divider.v:54]
INFO: [Synth 8-155] case statement is not full and has no default [E:/Mini_Piano/Mini_Piano.srcs/sources_1/new/Frequency_Divider.v:60]
INFO: [Synth 8-155] case statement is not full and has no default [E:/Mini_Piano/Mini_Piano.srcs/sources_1/new/Frequency_Divider.v:66]
INFO: [Synth 8-155] case statement is not full and has no default [E:/Mini_Piano/Mini_Piano.srcs/sources_1/new/Frequency_Divider.v:72]
INFO: [Synth 8-155] case statement is not full and has no default [E:/Mini_Piano/Mini_Piano.srcs/sources_1/new/Frequency_Divider.v:32]
INFO: [Synth 8-256] done synthesizing module 'Frequency_Divider' (4#1) [E:/Mini_Piano/Mini_Piano.srcs/sources_1/new/Frequency_Divider.v:23]
INFO: [Synth 8-638] synthesizing module 'Wave_Generator' [E:/Mini_Piano/Mini_Piano.srcs/sources_1/new/Wave_Generator.v:23]
INFO: [Synth 8-256] done synthesizing module 'Wave_Generator' (5#1) [E:/Mini_Piano/Mini_Piano.srcs/sources_1/new/Wave_Generator.v:23]
INFO: [Synth 8-256] done synthesizing module 'Buzzer' (6#1) [E:/Mini_Piano/Mini_Piano.srcs/sources_1/new/Buzzer.v:23]
---------------------------------------------------------------------------------
Finished RTL Elaboration : Time (s): cpu = 00:00:03 ; elapsed = 00:00:06 . Memory (MB): peak = 391.086 ; gain = 161.523
---------------------------------------------------------------------------------

Report Check Netlist: 
+------+------------------+-------+---------+-------+------------------+
|      |Item              |Errors |Warnings |Status |Description       |
+------+------------------+-------+---------+-------+------------------+
|1     |multi_driven_nets |      0|        0|Passed |Multi driven nets |
+------+------------------+-------+---------+-------+------------------+
---------------------------------------------------------------------------------
Finished RTL Optimization Phase 1 : Time (s): cpu = 00:00:03 ; elapsed = 00:00:06 . Memory (MB): peak = 391.086 ; gain = 161.523
---------------------------------------------------------------------------------
INFO: [Device 21-403] Loading part xc7a35tcsg324-1
INFO: [Project 1-570] Preparing netlist for logic optimization

Processing XDC Constraints
Initializing timing engine
Parsing XDC File [E:/Mini_Piano/Mini_Piano.srcs/constrs_1/new/Buzzer_cs.xdc]
Finished Parsing XDC File [E:/Mini_Piano/Mini_Piano.srcs/constrs_1/new/Buzzer_cs.xdc]
INFO: [Project 1-236] Implementation specific constraints were found while reading constraint file [E:/Mini_Piano/Mini_Piano.srcs/constrs_1/new/Buzzer_cs.xdc]. These constraints will be ignored for synthesis but will be used in implementation. Impacted constraints are listed in the file [.Xil/Buzzer_propImpl.xdc].
Resolution: To avoid this warning, move constraints listed in [.Xil/Buzzer_propImpl.xdc] to another XDC file and exclude this new file from synthesis with the used_in_synthesis property (File Properties dialog in GUI) and re-run elaboration/synthesis.
Completed Processing XDC Constraints

INFO: [Project 1-111] Unisim Transformation Summary:
No Unisim elements were transformed.

Constraint Validation Runtime : Time (s): cpu = 00:00:00 ; elapsed = 00:00:00.001 . Memory (MB): peak = 725.074 ; gain = 0.000
---------------------------------------------------------------------------------
Finished Constraint Validation : Time (s): cpu = 00:00:07 ; elapsed = 00:00:16 . Memory (MB): peak = 725.074 ; gain = 495.512
---------------------------------------------------------------------------------
---------------------------------------------------------------------------------
Start Loading Part and Timing Information
---------------------------------------------------------------------------------
Loading part: xc7a35tcsg324-1
---------------------------------------------------------------------------------
Finished Loading Part and Timing Information : Time (s): cpu = 00:00:07 ; elapsed = 00:00:16 . Memory (MB): peak = 725.074 ; gain = 495.512
---------------------------------------------------------------------------------
---------------------------------------------------------------------------------
Start Applying 'set_property' XDC Constraints
---------------------------------------------------------------------------------
---------------------------------------------------------------------------------
Finished applying 'set_property' XDC Constraints : Time (s): cpu = 00:00:07 ; elapsed = 00:00:16 . Memory (MB): peak = 725.074 ; gain = 495.512
---------------------------------------------------------------------------------
INFO: [Synth 8-5545] ROM "is_Reaching_125ms" won't be mapped to RAM because address size (32) is larger than maximum supported(25)
WARNING: [Synth 8-6014] Unused sequential element cnt_reg was removed.  [E:/Mini_Piano/Mini_Piano.srcs/sources_1/new/Speed_Control.v:44]
INFO: [Synth 8-5546] ROM "note_out" won't be mapped to RAM because it is too sparse
INFO: [Synth 8-4471] merging register 'convert_reg[254][7:0]' into 'convert_reg[255][7:0]' [E:/Mini_Piano/Mini_Piano.srcs/sources_1/new/Key_Adjustment.v:66]
INFO: [Synth 8-4471] merging register 'convert_reg[253][7:0]' into 'convert_reg[255][7:0]' [E:/Mini_Piano/Mini_Piano.srcs/sources_1/new/Key_Adjustment.v:66]
INFO: [Synth 8-4471] merging register 'convert_reg[252][7:0]' into 'convert_reg[255][7:0]' [E:/Mini_Piano/Mini_Piano.srcs/sources_1/new/Key_Adjustment.v:66]
INFO: [Synth 8-4471] merging register 'convert_reg[251][7:0]' into 'convert_reg[255][7:0]' [E:/Mini_Piano/Mini_Piano.srcs/sources_1/new/Key_Adjustment.v:66]
INFO: [Synth 8-4471] merging register 'convert_reg[250][7:0]' into 'convert_reg[255][7:0]' [E:/Mini_Piano/Mini_Piano.srcs/sources_1/new/Key_Adjustment.v:66]
INFO: [Synth 8-4471] merging register 'convert_reg[249][7:0]' into 'convert_reg[255][7:0]' [E:/Mini_Piano/Mini_Piano.srcs/sources_1/new/Key_Adjustment.v:66]
INFO: [Synth 8-4471] merging register 'convert_reg[248][7:0]' into 'convert_reg[255][7:0]' [E:/Mini_Piano/Mini_Piano.srcs/sources_1/new/Key_Adjustment.v:66]
INFO: [Synth 8-4471] merging register 'convert_reg[247][7:0]' into 'convert_reg[255][7:0]' [E:/Mini_Piano/Mini_Piano.srcs/sources_1/new/Key_Adjustment.v:66]
INFO: [Synth 8-4471] merging register 'convert_reg[246][7:0]' into 'convert_reg[255][7:0]' [E:/Mini_Piano/Mini_Piano.srcs/sources_1/new/Key_Adjustment.v:66]
INFO: [Synth 8-4471] merging register 'convert_reg[245][7:0]' into 'convert_reg[255][7:0]' [E:/Mini_Piano/Mini_Piano.srcs/sources_1/new/Key_Adjustment.v:66]
INFO: [Synth 8-4471] merging register 'convert_reg[244][7:0]' into 'convert_reg[255][7:0]' [E:/Mini_Piano/Mini_Piano.srcs/sources_1/new/Key_Adjustment.v:66]
INFO: [Synth 8-4471] merging register 'convert_reg[243][7:0]' into 'convert_reg[255][7:0]' [E:/Mini_Piano/Mini_Piano.srcs/sources_1/new/Key_Adjustment.v:66]
INFO: [Synth 8-4471] merging register 'convert_reg[242][7:0]' into 'convert_reg[255][7:0]' [E:/Mini_Piano/Mini_Piano.srcs/sources_1/new/Key_Adjustment.v:66]
INFO: [Synth 8-4471] merging register 'convert_reg[241][7:0]' into 'convert_reg[255][7:0]' [E:/Mini_Piano/Mini_Piano.srcs/sources_1/new/Key_Adjustment.v:66]
INFO: [Synth 8-4471] merging register 'convert_reg[240][7:0]' into 'convert_reg[255][7:0]' [E:/Mini_Piano/Mini_Piano.srcs/sources_1/new/Key_Adjustment.v:66]
INFO: [Synth 8-4471] merging register 'convert_reg[239][7:0]' into 'convert_reg[255][7:0]' [E:/Mini_Piano/Mini_Piano.srcs/sources_1/new/Key_Adjustment.v:66]
INFO: [Synth 8-4471] merging register 'convert_reg[238][7:0]' into 'convert_reg[255][7:0]' [E:/Mini_Piano/Mini_Piano.srcs/sources_1/new/Key_Adjustment.v:66]
INFO: [Synth 8-4471] merging register 'convert_reg[237][7:0]' into 'convert_reg[255][7:0]' [E:/Mini_Piano/Mini_Piano.srcs/sources_1/new/Key_Adjustment.v:66]
INFO: [Synth 8-4471] merging register 'convert_reg[236][7:0]' into 'convert_reg[255][7:0]' [E:/Mini_Piano/Mini_Piano.srcs/sources_1/new/Key_Adjustment.v:66]
INFO: [Synth 8-4471] merging register 'convert_reg[235][7:0]' into 'convert_reg[255][7:0]' [E:/Mini_Piano/Mini_Piano.srcs/sources_1/new/Key_Adjustment.v:66]
INFO: [Synth 8-4471] merging register 'convert_reg[234][7:0]' into 'convert_reg[255][7:0]' [E:/Mini_Piano/Mini_Piano.srcs/sources_1/new/Key_Adjustment.v:66]
INFO: [Synth 8-4471] merging register 'convert_reg[233][7:0]' into 'convert_reg[255][7:0]' [E:/Mini_Piano/Mini_Piano.srcs/sources_1/new/Key_Adjustment.v:66]
INFO: [Synth 8-4471] merging register 'convert_reg[232][7:0]' into 'convert_reg[255][7:0]' [E:/Mini_Piano/Mini_Piano.srcs/sources_1/new/Key_Adjustment.v:66]
INFO: [Synth 8-4471] merging register 'convert_reg[231][7:0]' into 'convert_reg[255][7:0]' [E:/Mini_Piano/Mini_Piano.srcs/sources_1/new/Key_Adjustment.v:66]
INFO: [Synth 8-4471] merging register 'convert_reg[230][7:0]' into 'convert_reg[255][7:0]' [E:/Mini_Piano/Mini_Piano.srcs/sources_1/new/Key_Adjustment.v:66]
INFO: [Synth 8-4471] merging register 'convert_reg[229][7:0]' into 'convert_reg[255][7:0]' [E:/Mini_Piano/Mini_Piano.srcs/sources_1/new/Key_Adjustment.v:66]
INFO: [Synth 8-4471] merging register 'convert_reg[228][7:0]' into 'convert_reg[255][7:0]' [E:/Mini_Piano/Mini_Piano.srcs/sources_1/new/Key_Adjustment.v:66]
INFO: [Synth 8-4471] merging register 'convert_reg[227][7:0]' into 'convert_reg[255][7:0]' [E:/Mini_Piano/Mini_Piano.srcs/sources_1/new/Key_Adjustment.v:66]
INFO: [Synth 8-4471] merging register 'convert_reg[226][7:0]' into 'convert_reg[255][7:0]' [E:/Mini_Piano/Mini_Piano.srcs/sources_1/new/Key_Adjustment.v:66]
INFO: [Synth 8-4471] merging register 'convert_reg[225][7:0]' into 'convert_reg[255][7:0]' [E:/Mini_Piano/Mini_Piano.srcs/sources_1/new/Key_Adjustment.v:66]
INFO: [Synth 8-4471] merging register 'convert_reg[224][7:0]' into 'convert_reg[255][7:0]' [E:/Mini_Piano/Mini_Piano.srcs/sources_1/new/Key_Adjustment.v:66]
INFO: [Synth 8-4471] merging register 'convert_reg[223][7:0]' into 'convert_reg[255][7:0]' [E:/Mini_Piano/Mini_Piano.srcs/sources_1/new/Key_Adjustment.v:66]
INFO: [Synth 8-4471] merging register 'convert_reg[222][7:0]' into 'convert_reg[255][7:0]' [E:/Mini_Piano/Mini_Piano.srcs/sources_1/new/Key_Adjustment.v:66]
INFO: [Synth 8-4471] merging register 'convert_reg[221][7:0]' into 'convert_reg[255][7:0]' [E:/Mini_Piano/Mini_Piano.srcs/sources_1/new/Key_Adjustment.v:66]
INFO: [Synth 8-4471] merging register 'convert_reg[220][7:0]' into 'convert_reg[255][7:0]' [E:/Mini_Piano/Mini_Piano.srcs/sources_1/new/Key_Adjustment.v:66]
INFO: [Synth 8-4471] merging register 'convert_reg[219][7:0]' into 'convert_reg[255][7:0]' [E:/Mini_Piano/Mini_Piano.srcs/sources_1/new/Key_Adjustment.v:66]
INFO: [Synth 8-4471] merging register 'convert_reg[218][7:0]' into 'convert_reg[255][7:0]' [E:/Mini_Piano/Mini_Piano.srcs/sources_1/new/Key_Adjustment.v:66]
INFO: [Synth 8-4471] merging register 'convert_reg[217][7:0]' into 'convert_reg[255][7:0]' [E:/Mini_Piano/Mini_Piano.srcs/sources_1/new/Key_Adjustment.v:66]
INFO: [Synth 8-4471] merging register 'convert_reg[216][7:0]' into 'convert_reg[255][7:0]' [E:/Mini_Piano/Mini_Piano.srcs/sources_1/new/Key_Adjustment.v:66]
INFO: [Synth 8-4471] merging register 'convert_reg[215][7:0]' into 'convert_reg[255][7:0]' [E:/Mini_Piano/Mini_Piano.srcs/sources_1/new/Key_Adjustment.v:66]
INFO: [Synth 8-4471] merging register 'convert_reg[214][7:0]' into 'convert_reg[255][7:0]' [E:/Mini_Piano/Mini_Piano.srcs/sources_1/new/Key_Adjustment.v:66]
INFO: [Synth 8-4471] merging register 'convert_reg[213][7:0]' into 'convert_reg[255][7:0]' [E:/Mini_Piano/Mini_Piano.srcs/sources_1/new/Key_Adjustment.v:66]
INFO: [Synth 8-4471] merging register 'convert_reg[212][7:0]' into 'convert_reg[255][7:0]' [E:/Mini_Piano/Mini_Piano.srcs/sources_1/new/Key_Adjustment.v:66]
INFO: [Synth 8-4471] merging register 'convert_reg[211][7:0]' into 'convert_reg[255][7:0]' [E:/Mini_Piano/Mini_Piano.srcs/sources_1/new/Key_Adjustment.v:66]
INFO: [Synth 8-4471] merging register 'convert_reg[210][7:0]' into 'convert_reg[255][7:0]' [E:/Mini_Piano/Mini_Piano.srcs/sources_1/new/Key_Adjustment.v:66]
INFO: [Synth 8-4471] merging register 'convert_reg[209][7:0]' into 'convert_reg[255][7:0]' [E:/Mini_Piano/Mini_Piano.srcs/sources_1/new/Key_Adjustment.v:66]
INFO: [Synth 8-4471] merging register 'convert_reg[208][7:0]' into 'convert_reg[255][7:0]' [E:/Mini_Piano/Mini_Piano.srcs/sources_1/new/Key_Adjustment.v:66]
INFO: [Synth 8-4471] merging register 'convert_reg[207][7:0]' into 'convert_reg[255][7:0]' [E:/Mini_Piano/Mini_Piano.srcs/sources_1/new/Key_Adjustment.v:66]
INFO: [Synth 8-4471] merging register 'convert_reg[206][7:0]' into 'convert_reg[255][7:0]' [E:/Mini_Piano/Mini_Piano.srcs/sources_1/new/Key_Adjustment.v:66]
INFO: [Synth 8-4471] merging register 'convert_reg[205][7:0]' into 'convert_reg[255][7:0]' [E:/Mini_Piano/Mini_Piano.srcs/sources_1/new/Key_Adjustment.v:66]
INFO: [Synth 8-4471] merging register 'convert_reg[204][7:0]' into 'convert_reg[255][7:0]' [E:/Mini_Piano/Mini_Piano.srcs/sources_1/new/Key_Adjustment.v:66]
INFO: [Synth 8-4471] merging register 'convert_reg[203][7:0]' into 'convert_reg[255][7:0]' [E:/Mini_Piano/Mini_Piano.srcs/sources_1/new/Key_Adjustment.v:66]
INFO: [Synth 8-4471] merging register 'convert_reg[202][7:0]' into 'convert_reg[255][7:0]' [E:/Mini_Piano/Mini_Piano.srcs/sources_1/new/Key_Adjustment.v:66]
INFO: [Synth 8-4471] merging register 'convert_reg[201][7:0]' into 'convert_reg[255][7:0]' [E:/Mini_Piano/Mini_Piano.srcs/sources_1/new/Key_Adjustment.v:66]
INFO: [Synth 8-4471] merging register 'convert_reg[200][7:0]' into 'convert_reg[255][7:0]' [E:/Mini_Piano/Mini_Piano.srcs/sources_1/new/Key_Adjustment.v:66]
INFO: [Synth 8-4471] merging register 'convert_reg[199][7:0]' into 'convert_reg[255][7:0]' [E:/Mini_Piano/Mini_Piano.srcs/sources_1/new/Key_Adjustment.v:66]
INFO: [Synth 8-4471] merging register 'convert_reg[198][7:0]' into 'convert_reg[255][7:0]' [E:/Mini_Piano/Mini_Piano.srcs/sources_1/new/Key_Adjustment.v:66]
INFO: [Synth 8-4471] merging register 'convert_reg[197][7:0]' into 'convert_reg[255][7:0]' [E:/Mini_Piano/Mini_Piano.srcs/sources_1/new/Key_Adjustment.v:66]
INFO: [Synth 8-4471] merging register 'convert_reg[196][7:0]' into 'convert_reg[255][7:0]' [E:/Mini_Piano/Mini_Piano.srcs/sources_1/new/Key_Adjustment.v:66]
INFO: [Synth 8-4471] merging register 'convert_reg[195][7:0]' into 'convert_reg[255][7:0]' [E:/Mini_Piano/Mini_Piano.srcs/sources_1/new/Key_Adjustment.v:66]
INFO: [Synth 8-4471] merging register 'convert_reg[194][7:0]' into 'convert_reg[255][7:0]' [E:/Mini_Piano/Mini_Piano.srcs/sources_1/new/Key_Adjustment.v:66]
INFO: [Synth 8-4471] merging register 'convert_reg[193][7:0]' into 'convert_reg[255][7:0]' [E:/Mini_Piano/Mini_Piano.srcs/sources_1/new/Key_Adjustment.v:66]
INFO: [Synth 8-4471] merging register 'convert_reg[192][7:0]' into 'convert_reg[255][7:0]' [E:/Mini_Piano/Mini_Piano.srcs/sources_1/new/Key_Adjustment.v:66]
INFO: [Synth 8-4471] merging register 'convert_reg[191][7:0]' into 'convert_reg[255][7:0]' [E:/Mini_Piano/Mini_Piano.srcs/sources_1/new/Key_Adjustment.v:66]
INFO: [Synth 8-4471] merging register 'convert_reg[190][7:0]' into 'convert_reg[255][7:0]' [E:/Mini_Piano/Mini_Piano.srcs/sources_1/new/Key_Adjustment.v:66]
INFO: [Synth 8-4471] merging register 'convert_reg[189][7:0]' into 'convert_reg[255][7:0]' [E:/Mini_Piano/Mini_Piano.srcs/sources_1/new/Key_Adjustment.v:66]
INFO: [Synth 8-4471] merging register 'convert_reg[188][7:0]' into 'convert_reg[255][7:0]' [E:/Mini_Piano/Mini_Piano.srcs/sources_1/new/Key_Adjustment.v:66]
INFO: [Synth 8-4471] merging register 'convert_reg[187][7:0]' into 'convert_reg[255][7:0]' [E:/Mini_Piano/Mini_Piano.srcs/sources_1/new/Key_Adjustment.v:66]
INFO: [Synth 8-4471] merging register 'convert_reg[186][7:0]' into 'convert_reg[255][7:0]' [E:/Mini_Piano/Mini_Piano.srcs/sources_1/new/Key_Adjustment.v:66]
INFO: [Synth 8-4471] merging register 'convert_reg[185][7:0]' into 'convert_reg[255][7:0]' [E:/Mini_Piano/Mini_Piano.srcs/sources_1/new/Key_Adjustment.v:66]
INFO: [Synth 8-4471] merging register 'convert_reg[184][7:0]' into 'convert_reg[255][7:0]' [E:/Mini_Piano/Mini_Piano.srcs/sources_1/new/Key_Adjustment.v:66]
INFO: [Synth 8-4471] merging register 'convert_reg[183][7:0]' into 'convert_reg[255][7:0]' [E:/Mini_Piano/Mini_Piano.srcs/sources_1/new/Key_Adjustment.v:66]
INFO: [Synth 8-4471] merging register 'convert_reg[182][7:0]' into 'convert_reg[255][7:0]' [E:/Mini_Piano/Mini_Piano.srcs/sources_1/new/Key_Adjustment.v:66]
INFO: [Synth 8-4471] merging register 'convert_reg[181][7:0]' into 'convert_reg[255][7:0]' [E:/Mini_Piano/Mini_Piano.srcs/sources_1/new/Key_Adjustment.v:66]
INFO: [Synth 8-4471] merging register 'convert_reg[180][7:0]' into 'convert_reg[255][7:0]' [E:/Mini_Piano/Mini_Piano.srcs/sources_1/new/Key_Adjustment.v:66]
INFO: [Synth 8-4471] merging register 'convert_reg[179][7:0]' into 'convert_reg[255][7:0]' [E:/Mini_Piano/Mini_Piano.srcs/sources_1/new/Key_Adjustment.v:66]
INFO: [Synth 8-4471] merging register 'convert_reg[178][7:0]' into 'convert_reg[255][7:0]' [E:/Mini_Piano/Mini_Piano.srcs/sources_1/new/Key_Adjustment.v:66]
INFO: [Synth 8-4471] merging register 'convert_reg[177][7:0]' into 'convert_reg[255][7:0]' [E:/Mini_Piano/Mini_Piano.srcs/sources_1/new/Key_Adjustment.v:66]
INFO: [Synth 8-4471] merging register 'convert_reg[176][7:0]' into 'convert_reg[255][7:0]' [E:/Mini_Piano/Mini_Piano.srcs/sources_1/new/Key_Adjustment.v:66]
INFO: [Synth 8-4471] merging register 'convert_reg[175][7:0]' into 'convert_reg[255][7:0]' [E:/Mini_Piano/Mini_Piano.srcs/sources_1/new/Key_Adjustment.v:66]
INFO: [Synth 8-4471] merging register 'convert_reg[174][7:0]' into 'convert_reg[255][7:0]' [E:/Mini_Piano/Mini_Piano.srcs/sources_1/new/Key_Adjustment.v:66]
INFO: [Synth 8-4471] merging register 'convert_reg[173][7:0]' into 'convert_reg[255][7:0]' [E:/Mini_Piano/Mini_Piano.srcs/sources_1/new/Key_Adjustment.v:66]
INFO: [Synth 8-4471] merging register 'convert_reg[172][7:0]' into 'convert_reg[255][7:0]' [E:/Mini_Piano/Mini_Piano.srcs/sources_1/new/Key_Adjustment.v:66]
INFO: [Synth 8-4471] merging register 'convert_reg[171][7:0]' into 'convert_reg[255][7:0]' [E:/Mini_Piano/Mini_Piano.srcs/sources_1/new/Key_Adjustment.v:66]
INFO: [Synth 8-4471] merging register 'convert_reg[170][7:0]' into 'convert_reg[255][7:0]' [E:/Mini_Piano/Mini_Piano.srcs/sources_1/new/Key_Adjustment.v:66]
INFO: [Synth 8-4471] merging register 'convert_reg[169][7:0]' into 'convert_reg[255][7:0]' [E:/Mini_Piano/Mini_Piano.srcs/sources_1/new/Key_Adjustment.v:66]
INFO: [Synth 8-4471] merging register 'convert_reg[168][7:0]' into 'convert_reg[255][7:0]' [E:/Mini_Piano/Mini_Piano.srcs/sources_1/new/Key_Adjustment.v:66]
INFO: [Synth 8-4471] merging register 'convert_reg[167][7:0]' into 'convert_reg[255][7:0]' [E:/Mini_Piano/Mini_Piano.srcs/sources_1/new/Key_Adjustment.v:66]
INFO: [Synth 8-4471] merging register 'convert_reg[166][7:0]' into 'convert_reg[255][7:0]' [E:/Mini_Piano/Mini_Piano.srcs/sources_1/new/Key_Adjustment.v:66]
INFO: [Synth 8-4471] merging register 'convert_reg[165][7:0]' into 'convert_reg[255][7:0]' [E:/Mini_Piano/Mini_Piano.srcs/sources_1/new/Key_Adjustment.v:66]
INFO: [Synth 8-4471] merging register 'convert_reg[164][7:0]' into 'convert_reg[255][7:0]' [E:/Mini_Piano/Mini_Piano.srcs/sources_1/new/Key_Adjustment.v:66]
INFO: [Synth 8-4471] merging register 'convert_reg[163][7:0]' into 'convert_reg[255][7:0]' [E:/Mini_Piano/Mini_Piano.srcs/sources_1/new/Key_Adjustment.v:66]
INFO: [Synth 8-4471] merging register 'convert_reg[162][7:0]' into 'convert_reg[255][7:0]' [E:/Mini_Piano/Mini_Piano.srcs/sources_1/new/Key_Adjustment.v:66]
INFO: [Synth 8-4471] merging register 'convert_reg[161][7:0]' into 'convert_reg[255][7:0]' [E:/Mini_Piano/Mini_Piano.srcs/sources_1/new/Key_Adjustment.v:66]
INFO: [Synth 8-4471] merging register 'convert_reg[160][7:0]' into 'convert_reg[255][7:0]' [E:/Mini_Piano/Mini_Piano.srcs/sources_1/new/Key_Adjustment.v:66]
INFO: [Synth 8-4471] merging register 'convert_reg[159][7:0]' into 'convert_reg[255][7:0]' [E:/Mini_Piano/Mini_Piano.srcs/sources_1/new/Key_Adjustment.v:66]
INFO: [Synth 8-4471] merging register 'convert_reg[158][7:0]' into 'convert_reg[255][7:0]' [E:/Mini_Piano/Mini_Piano.srcs/sources_1/new/Key_Adjustment.v:66]
INFO: [Synth 8-4471] merging register 'convert_reg[157][7:0]' into 'convert_reg[255][7:0]' [E:/Mini_Piano/Mini_Piano.srcs/sources_1/new/Key_Adjustment.v:66]
INFO: [Synth 8-4471] merging register 'convert_reg[156][7:0]' into 'convert_reg[255][7:0]' [E:/Mini_Piano/Mini_Piano.srcs/sources_1/new/Key_Adjustment.v:66]
INFO: [Synth 8-4471] merging register 'convert_reg[155][7:0]' into 'convert_reg[255][7:0]' [E:/Mini_Piano/Mini_Piano.srcs/sources_1/new/Key_Adjustment.v:66]
INFO: [Common 17-14] Message 'Synth 8-4471' appears 100 times and further instances of the messages will be disabled. Use the Tcl command set_msg_config to change the current settings.
WARNING: [Synth 8-6014] Unused sequential element convert_reg[254] was removed.  [E:/Mini_Piano/Mini_Piano.srcs/sources_1/new/Key_Adjustment.v:66]
WARNING: [Synth 8-6014] Unused sequential element convert_reg[253] was removed.  [E:/Mini_Piano/Mini_Piano.srcs/sources_1/new/Key_Adjustment.v:66]
WARNING: [Synth 8-6014] Unused sequential element convert_reg[252] was removed.  [E:/Mini_Piano/Mini_Piano.srcs/sources_1/new/Key_Adjustment.v:66]
WARNING: [Synth 8-6014] Unused sequential element convert_reg[251] was removed.  [E:/Mini_Piano/Mini_Piano.srcs/sources_1/new/Key_Adjustment.v:66]
WARNING: [Synth 8-6014] Unused sequential element convert_reg[250] was removed.  [E:/Mini_Piano/Mini_Piano.srcs/sources_1/new/Key_Adjustment.v:66]
WARNING: [Synth 8-6014] Unused sequential element convert_reg[249] was removed.  [E:/Mini_Piano/Mini_Piano.srcs/sources_1/new/Key_Adjustment.v:66]
WARNING: [Synth 8-6014] Unused sequential element convert_reg[248] was removed.  [E:/Mini_Piano/Mini_Piano.srcs/sources_1/new/Key_Adjustment.v:66]
WARNING: [Synth 8-6014] Unused sequential element convert_reg[247] was removed.  [E:/Mini_Piano/Mini_Piano.srcs/sources_1/new/Key_Adjustment.v:66]
WARNING: [Synth 8-6014] Unused sequential element convert_reg[246] was removed.  [E:/Mini_Piano/Mini_Piano.srcs/sources_1/new/Key_Adjustment.v:66]
WARNING: [Synth 8-6014] Unused sequential element convert_reg[245] was removed.  [E:/Mini_Piano/Mini_Piano.srcs/sources_1/new/Key_Adjustment.v:66]
WARNING: [Synth 8-6014] Unused sequential element convert_reg[244] was removed.  [E:/Mini_Piano/Mini_Piano.srcs/sources_1/new/Key_Adjustment.v:66]
WARNING: [Synth 8-6014] Unused sequential element convert_reg[243] was removed.  [E:/Mini_Piano/Mini_Piano.srcs/sources_1/new/Key_Adjustment.v:66]
WARNING: [Synth 8-6014] Unused sequential element convert_reg[242] was removed.  [E:/Mini_Piano/Mini_Piano.srcs/sources_1/new/Key_Adjustment.v:66]
WARNING: [Synth 8-6014] Unused sequential element convert_reg[241] was removed.  [E:/Mini_Piano/Mini_Piano.srcs/sources_1/new/Key_Adjustment.v:66]
WARNING: [Synth 8-6014] Unused sequential element convert_reg[240] was removed.  [E:/Mini_Piano/Mini_Piano.srcs/sources_1/new/Key_Adjustment.v:66]
WARNING: [Synth 8-6014] Unused sequential element convert_reg[239] was removed.  [E:/Mini_Piano/Mini_Piano.srcs/sources_1/new/Key_Adjustment.v:66]
WARNING: [Synth 8-6014] Unused sequential element convert_reg[238] was removed.  [E:/Mini_Piano/Mini_Piano.srcs/sources_1/new/Key_Adjustment.v:66]
WARNING: [Synth 8-6014] Unused sequential element convert_reg[237] was removed.  [E:/Mini_Piano/Mini_Piano.srcs/sources_1/new/Key_Adjustment.v:66]
WARNING: [Synth 8-6014] Unused sequential element convert_reg[236] was removed.  [E:/Mini_Piano/Mini_Piano.srcs/sources_1/new/Key_Adjustment.v:66]
WARNING: [Synth 8-6014] Unused sequential element convert_reg[235] was removed.  [E:/Mini_Piano/Mini_Piano.srcs/sources_1/new/Key_Adjustment.v:66]
WARNING: [Synth 8-6014] Unused sequential element convert_reg[234] was removed.  [E:/Mini_Piano/Mini_Piano.srcs/sources_1/new/Key_Adjustment.v:66]
WARNING: [Synth 8-6014] Unused sequential element convert_reg[233] was removed.  [E:/Mini_Piano/Mini_Piano.srcs/sources_1/new/Key_Adjustment.v:66]
WARNING: [Synth 8-6014] Unused sequential element convert_reg[232] was removed.  [E:/Mini_Piano/Mini_Piano.srcs/sources_1/new/Key_Adjustment.v:66]
WARNING: [Synth 8-6014] Unused sequential element convert_reg[231] was removed.  [E:/Mini_Piano/Mini_Piano.srcs/sources_1/new/Key_Adjustment.v:66]
WARNING: [Synth 8-6014] Unused sequential element convert_reg[230] was removed.  [E:/Mini_Piano/Mini_Piano.srcs/sources_1/new/Key_Adjustment.v:66]
WARNING: [Synth 8-6014] Unused sequential element convert_reg[229] was removed.  [E:/Mini_Piano/Mini_Piano.srcs/sources_1/new/Key_Adjustment.v:66]
WARNING: [Synth 8-6014] Unused sequential element convert_reg[228] was removed.  [E:/Mini_Piano/Mini_Piano.srcs/sources_1/new/Key_Adjustment.v:66]
WARNING: [Synth 8-6014] Unused sequential element convert_reg[227] was removed.  [E:/Mini_Piano/Mini_Piano.srcs/sources_1/new/Key_Adjustment.v:66]
WARNING: [Synth 8-6014] Unused sequential element convert_reg[226] was removed.  [E:/Mini_Piano/Mini_Piano.srcs/sources_1/new/Key_Adjustment.v:66]
WARNING: [Synth 8-6014] Unused sequential element convert_reg[225] was removed.  [E:/Mini_Piano/Mini_Piano.srcs/sources_1/new/Key_Adjustment.v:66]
WARNING: [Synth 8-6014] Unused sequential element convert_reg[224] was removed.  [E:/Mini_Piano/Mini_Piano.srcs/sources_1/new/Key_Adjustment.v:66]
WARNING: [Synth 8-6014] Unused sequential element convert_reg[223] was removed.  [E:/Mini_Piano/Mini_Piano.srcs/sources_1/new/Key_Adjustment.v:66]
WARNING: [Synth 8-6014] Unused sequential element convert_reg[222] was removed.  [E:/Mini_Piano/Mini_Piano.srcs/sources_1/new/Key_Adjustment.v:66]
WARNING: [Synth 8-6014] Unused sequential element convert_reg[221] was removed.  [E:/Mini_Piano/Mini_Piano.srcs/sources_1/new/Key_Adjustment.v:66]
WARNING: [Synth 8-6014] Unused sequential element convert_reg[220] was removed.  [E:/Mini_Piano/Mini_Piano.srcs/sources_1/new/Key_Adjustment.v:66]
WARNING: [Synth 8-6014] Unused sequential element convert_reg[219] was removed.  [E:/Mini_Piano/Mini_Piano.srcs/sources_1/new/Key_Adjustment.v:66]
WARNING: [Synth 8-6014] Unused sequential element convert_reg[218] was removed.  [E:/Mini_Piano/Mini_Piano.srcs/sources_1/new/Key_Adjustment.v:66]
WARNING: [Synth 8-6014] Unused sequential element convert_reg[217] was removed.  [E:/Mini_Piano/Mini_Piano.srcs/sources_1/new/Key_Adjustment.v:66]
WARNING: [Synth 8-6014] Unused sequential element convert_reg[216] was removed.  [E:/Mini_Piano/Mini_Piano.srcs/sources_1/new/Key_Adjustment.v:66]
WARNING: [Synth 8-6014] Unused sequential element convert_reg[215] was removed.  [E:/Mini_Piano/Mini_Piano.srcs/sources_1/new/Key_Adjustment.v:66]
WARNING: [Synth 8-6014] Unused sequential element convert_reg[214] was removed.  [E:/Mini_Piano/Mini_Piano.srcs/sources_1/new/Key_Adjustment.v:66]
WARNING: [Synth 8-6014] Unused sequential element convert_reg[213] was removed.  [E:/Mini_Piano/Mini_Piano.srcs/sources_1/new/Key_Adjustment.v:66]
WARNING: [Synth 8-6014] Unused sequential element convert_reg[212] was removed.  [E:/Mini_Piano/Mini_Piano.srcs/sources_1/new/Key_Adjustment.v:66]
WARNING: [Synth 8-6014] Unused sequential element convert_reg[211] was removed.  [E:/Mini_Piano/Mini_Piano.srcs/sources_1/new/Key_Adjustment.v:66]
WARNING: [Synth 8-6014] Unused sequential element convert_reg[210] was removed.  [E:/Mini_Piano/Mini_Piano.srcs/sources_1/new/Key_Adjustment.v:66]
WARNING: [Synth 8-6014] Unused sequential element convert_reg[209] was removed.  [E:/Mini_Piano/Mini_Piano.srcs/sources_1/new/Key_Adjustment.v:66]
WARNING: [Synth 8-6014] Unused sequential element convert_reg[208] was removed.  [E:/Mini_Piano/Mini_Piano.srcs/sources_1/new/Key_Adjustment.v:66]
WARNING: [Synth 8-6014] Unused sequential element convert_reg[207] was removed.  [E:/Mini_Piano/Mini_Piano.srcs/sources_1/new/Key_Adjustment.v:66]
WARNING: [Synth 8-6014] Unused sequential element convert_reg[206] was removed.  [E:/Mini_Piano/Mini_Piano.srcs/sources_1/new/Key_Adjustment.v:66]
WARNING: [Synth 8-6014] Unused sequential element convert_reg[205] was removed.  [E:/Mini_Piano/Mini_Piano.srcs/sources_1/new/Key_Adjustment.v:66]
WARNING: [Synth 8-6014] Unused sequential element convert_reg[204] was removed.  [E:/Mini_Piano/Mini_Piano.srcs/sources_1/new/Key_Adjustment.v:66]
WARNING: [Synth 8-6014] Unused sequential element convert_reg[203] was removed.  [E:/Mini_Piano/Mini_Piano.srcs/sources_1/new/Key_Adjustment.v:66]
WARNING: [Synth 8-6014] Unused sequential element convert_reg[202] was removed.  [E:/Mini_Piano/Mini_Piano.srcs/sources_1/new/Key_Adjustment.v:66]
WARNING: [Synth 8-6014] Unused sequential element convert_reg[201] was removed.  [E:/Mini_Piano/Mini_Piano.srcs/sources_1/new/Key_Adjustment.v:66]
WARNING: [Synth 8-6014] Unused sequential element convert_reg[200] was removed.  [E:/Mini_Piano/Mini_Piano.srcs/sources_1/new/Key_Adjustment.v:66]
WARNING: [Synth 8-6014] Unused sequential element convert_reg[199] was removed.  [E:/Mini_Piano/Mini_Piano.srcs/sources_1/new/Key_Adjustment.v:66]
WARNING: [Synth 8-6014] Unused sequential element convert_reg[198] was removed.  [E:/Mini_Piano/Mini_Piano.srcs/sources_1/new/Key_Adjustment.v:66]
WARNING: [Synth 8-6014] Unused sequential element convert_reg[197] was removed.  [E:/Mini_Piano/Mini_Piano.srcs/sources_1/new/Key_Adjustment.v:66]
WARNING: [Synth 8-6014] Unused sequential element convert_reg[196] was removed.  [E:/Mini_Piano/Mini_Piano.srcs/sources_1/new/Key_Adjustment.v:66]
WARNING: [Synth 8-6014] Unused sequential element convert_reg[195] was removed.  [E:/Mini_Piano/Mini_Piano.srcs/sources_1/new/Key_Adjustment.v:66]
WARNING: [Synth 8-6014] Unused sequential element convert_reg[194] was removed.  [E:/Mini_Piano/Mini_Piano.srcs/sources_1/new/Key_Adjustment.v:66]
WARNING: [Synth 8-6014] Unused sequential element convert_reg[193] was removed.  [E:/Mini_Piano/Mini_Piano.srcs/sources_1/new/Key_Adjustment.v:66]
WARNING: [Synth 8-6014] Unused sequential element convert_reg[192] was removed.  [E:/Mini_Piano/Mini_Piano.srcs/sources_1/new/Key_Adjustment.v:66]
WARNING: [Synth 8-6014] Unused sequential element convert_reg[191] was removed.  [E:/Mini_Piano/Mini_Piano.srcs/sources_1/new/Key_Adjustment.v:66]
WARNING: [Synth 8-6014] Unused sequential element convert_reg[190] was removed.  [E:/Mini_Piano/Mini_Piano.srcs/sources_1/new/Key_Adjustment.v:66]
WARNING: [Synth 8-6014] Unused sequential element convert_reg[189] was removed.  [E:/Mini_Piano/Mini_Piano.srcs/sources_1/new/Key_Adjustment.v:66]
WARNING: [Synth 8-6014] Unused sequential element convert_reg[188] was removed.  [E:/Mini_Piano/Mini_Piano.srcs/sources_1/new/Key_Adjustment.v:66]
WARNING: [Synth 8-6014] Unused sequential element convert_reg[187] was removed.  [E:/Mini_Piano/Mini_Piano.srcs/sources_1/new/Key_Adjustment.v:66]
WARNING: [Synth 8-6014] Unused sequential element convert_reg[186] was removed.  [E:/Mini_Piano/Mini_Piano.srcs/sources_1/new/Key_Adjustment.v:66]
WARNING: [Synth 8-6014] Unused sequential element convert_reg[185] was removed.  [E:/Mini_Piano/Mini_Piano.srcs/sources_1/new/Key_Adjustment.v:66]
WARNING: [Synth 8-6014] Unused sequential element convert_reg[184] was removed.  [E:/Mini_Piano/Mini_Piano.srcs/sources_1/new/Key_Adjustment.v:66]
WARNING: [Synth 8-6014] Unused sequential element convert_reg[183] was removed.  [E:/Mini_Piano/Mini_Piano.srcs/sources_1/new/Key_Adjustment.v:66]
WARNING: [Synth 8-6014] Unused sequential element convert_reg[182] was removed.  [E:/Mini_Piano/Mini_Piano.srcs/sources_1/new/Key_Adjustment.v:66]
WARNING: [Synth 8-6014] Unused sequential element convert_reg[181] was removed.  [E:/Mini_Piano/Mini_Piano.srcs/sources_1/new/Key_Adjustment.v:66]
WARNING: [Synth 8-6014] Unused sequential element convert_reg[180] was removed.  [E:/Mini_Piano/Mini_Piano.srcs/sources_1/new/Key_Adjustment.v:66]
WARNING: [Synth 8-6014] Unused sequential element convert_reg[179] was removed.  [E:/Mini_Piano/Mini_Piano.srcs/sources_1/new/Key_Adjustment.v:66]
WARNING: [Synth 8-6014] Unused sequential element convert_reg[178] was removed.  [E:/Mini_Piano/Mini_Piano.srcs/sources_1/new/Key_Adjustment.v:66]
WARNING: [Synth 8-6014] Unused sequential element convert_reg[177] was removed.  [E:/Mini_Piano/Mini_Piano.srcs/sources_1/new/Key_Adjustment.v:66]
WARNING: [Synth 8-6014] Unused sequential element convert_reg[176] was removed.  [E:/Mini_Piano/Mini_Piano.srcs/sources_1/new/Key_Adjustment.v:66]
WARNING: [Synth 8-6014] Unused sequential element convert_reg[175] was removed.  [E:/Mini_Piano/Mini_Piano.srcs/sources_1/new/Key_Adjustment.v:66]
WARNING: [Synth 8-6014] Unused sequential element convert_reg[174] was removed.  [E:/Mini_Piano/Mini_Piano.srcs/sources_1/new/Key_Adjustment.v:66]
WARNING: [Synth 8-6014] Unused sequential element convert_reg[173] was removed.  [E:/Mini_Piano/Mini_Piano.srcs/sources_1/new/Key_Adjustment.v:66]
WARNING: [Synth 8-6014] Unused sequential element convert_reg[172] was removed.  [E:/Mini_Piano/Mini_Piano.srcs/sources_1/new/Key_Adjustment.v:66]
WARNING: [Synth 8-6014] Unused sequential element convert_reg[171] was removed.  [E:/Mini_Piano/Mini_Piano.srcs/sources_1/new/Key_Adjustment.v:66]
WARNING: [Synth 8-6014] Unused sequential element convert_reg[170] was removed.  [E:/Mini_Piano/Mini_Piano.srcs/sources_1/new/Key_Adjustment.v:66]
WARNING: [Synth 8-6014] Unused sequential element convert_reg[169] was removed.  [E:/Mini_Piano/Mini_Piano.srcs/sources_1/new/Key_Adjustment.v:66]
WARNING: [Synth 8-6014] Unused sequential element convert_reg[168] was removed.  [E:/Mini_Piano/Mini_Piano.srcs/sources_1/new/Key_Adjustment.v:66]
WARNING: [Synth 8-6014] Unused sequential element convert_reg[167] was removed.  [E:/Mini_Piano/Mini_Piano.srcs/sources_1/new/Key_Adjustment.v:66]
WARNING: [Synth 8-6014] Unused sequential element convert_reg[166] was removed.  [E:/Mini_Piano/Mini_Piano.srcs/sources_1/new/Key_Adjustment.v:66]
WARNING: [Synth 8-6014] Unused sequential element convert_reg[165] was removed.  [E:/Mini_Piano/Mini_Piano.srcs/sources_1/new/Key_Adjustment.v:66]
WARNING: [Synth 8-6014] Unused sequential element convert_reg[164] was removed.  [E:/Mini_Piano/Mini_Piano.srcs/sources_1/new/Key_Adjustment.v:66]
WARNING: [Synth 8-6014] Unused sequential element convert_reg[163] was removed.  [E:/Mini_Piano/Mini_Piano.srcs/sources_1/new/Key_Adjustment.v:66]
WARNING: [Synth 8-6014] Unused sequential element convert_reg[162] was removed.  [E:/Mini_Piano/Mini_Piano.srcs/sources_1/new/Key_Adjustment.v:66]
WARNING: [Synth 8-6014] Unused sequential element convert_reg[161] was removed.  [E:/Mini_Piano/Mini_Piano.srcs/sources_1/new/Key_Adjustment.v:66]
WARNING: [Synth 8-6014] Unused sequential element convert_reg[160] was removed.  [E:/Mini_Piano/Mini_Piano.srcs/sources_1/new/Key_Adjustment.v:66]
WARNING: [Synth 8-6014] Unused sequential element convert_reg[159] was removed.  [E:/Mini_Piano/Mini_Piano.srcs/sources_1/new/Key_Adjustment.v:66]
WARNING: [Synth 8-6014] Unused sequential element convert_reg[158] was removed.  [E:/Mini_Piano/Mini_Piano.srcs/sources_1/new/Key_Adjustment.v:66]
WARNING: [Synth 8-6014] Unused sequential element convert_reg[157] was removed.  [E:/Mini_Piano/Mini_Piano.srcs/sources_1/new/Key_Adjustment.v:66]
INFO: [Common 17-14] Message 'Synth 8-6014' appears 100 times and further instances of the messages will be disabled. Use the Tcl command set_msg_config to change the current settings.
INFO: [Synth 8-5546] ROM "next_state" won't be mapped to RAM because it is too sparse
INFO: [Synth 8-5546] ROM "music" won't be mapped to RAM because it is too sparse
WARNING: [Synth 8-327] inferring latch for variable 'frequency_reg' [E:/Mini_Piano/Mini_Piano.srcs/sources_1/new/Frequency_Divider.v:33]
---------------------------------------------------------------------------------
Finished RTL Optimization Phase 2 : Time (s): cpu = 00:00:07 ; elapsed = 00:00:17 . Memory (MB): peak = 725.074 ; gain = 495.512
---------------------------------------------------------------------------------

Report RTL Partitions: 
+-+--------------+------------+----------+
| |RTL Partition |Replication |Instances |
+-+--------------+------------+----------+
+-+--------------+------------+----------+
---------------------------------------------------------------------------------
Start RTL Component Statistics 
---------------------------------------------------------------------------------
Detailed RTL Component Info : 
+---Adders : 
	   2 Input     32 Bit       Adders := 1     
	   2 Input     24 Bit       Adders := 1     
	   2 Input      7 Bit       Adders := 1     
+---Registers : 
	               32 Bit    Registers := 2     
	                8 Bit    Registers := 1     
	                7 Bit    Registers := 3     
	                2 Bit    Registers := 2     
	                1 Bit    Registers := 1     
+---Muxes : 
	   4 Input     32 Bit        Muxes := 7     
	   2 Input     24 Bit        Muxes := 1     
	   8 Input      8 Bit        Muxes := 1     
	   2 Input      8 Bit        Muxes := 10    
	   9 Input      8 Bit        Muxes := 1     
	   9 Input      7 Bit        Muxes := 1     
	 256 Input      4 Bit        Muxes := 1     
	   9 Input      3 Bit        Muxes := 1     
	   4 Input      2 Bit        Muxes := 1     
	   2 Input      2 Bit        Muxes := 4     
	   2 Input      1 Bit        Muxes := 5     
	   9 Input      1 Bit        Muxes := 2     
	   4 Input      1 Bit        Muxes := 2     
	   8 Input      1 Bit        Muxes := 2     
---------------------------------------------------------------------------------
Finished RTL Component Statistics 
---------------------------------------------------------------------------------
---------------------------------------------------------------------------------
Start RTL Hierarchical Component Statistics 
---------------------------------------------------------------------------------
Hierarchical RTL Component report 
Module Speed_Control 
Detailed RTL Component Info : 
+---Adders : 
	   2 Input     24 Bit       Adders := 1     
	   2 Input      7 Bit       Adders := 1     
+---Registers : 
	               32 Bit    Registers := 1     
	                7 Bit    Registers := 1     
+---Muxes : 
	   2 Input     24 Bit        Muxes := 1     
	   2 Input      1 Bit        Muxes := 1     
Module Keyboard 
Detailed RTL Component Info : 
+---Registers : 
	                7 Bit    Registers := 1     
	                2 Bit    Registers := 2     
+---Muxes : 
	   9 Input      7 Bit        Muxes := 1     
	   9 Input      3 Bit        Muxes := 1     
	   4 Input      2 Bit        Muxes := 1     
	   2 Input      2 Bit        Muxes := 4     
	   9 Input      1 Bit        Muxes := 1     
	   4 Input      1 Bit        Muxes := 1     
	   2 Input      1 Bit        Muxes := 2     
Module Key_Adjustment 
Detailed RTL Component Info : 
+---Registers : 
	                8 Bit    Registers := 1     
	                7 Bit    Registers := 1     
+---Muxes : 
	   8 Input      8 Bit        Muxes := 1     
	   2 Input      8 Bit        Muxes := 10    
	   9 Input      8 Bit        Muxes := 1     
	 256 Input      4 Bit        Muxes := 1     
	   9 Input      1 Bit        Muxes := 1     
	   8 Input      1 Bit        Muxes := 1     
	   2 Input      1 Bit        Muxes := 1     
Module Frequency_Divider 
Detailed RTL Component Info : 
+---Registers : 
	               32 Bit    Registers := 1     
+---Muxes : 
	   4 Input     32 Bit        Muxes := 7     
	   2 Input      1 Bit        Muxes := 1     
	   8 Input      1 Bit        Muxes := 1     
	   4 Input      1 Bit        Muxes := 1     
Module Wave_Generator 
Detailed RTL Component Info : 
+---Adders : 
	   2 Input     32 Bit       Adders := 1     
+---Registers : 
	                1 Bit    Registers := 1     
---------------------------------------------------------------------------------
Finished RTL Hierarchical Component Statistics
---------------------------------------------------------------------------------
---------------------------------------------------------------------------------
Start Part Resource Summary
---------------------------------------------------------------------------------
Part Resources:
DSPs: 90 (col length:60)
BRAMs: 100 (col length: RAMB18 60 RAMB36 30)
---------------------------------------------------------------------------------
Finished Part Resource Summary
---------------------------------------------------------------------------------
---------------------------------------------------------------------------------
Start Cross Boundary and Area Optimization
---------------------------------------------------------------------------------
INFO: [Synth 8-5545] ROM "is_Reaching_125ms" won't be mapped to RAM because address size (32) is larger than maximum supported(25)
INFO: [Synth 8-5546] ROM "k1/note_out" won't be mapped to RAM because it is too sparse
INFO: [Synth 8-5546] ROM "music" won't be mapped to RAM because it is too sparse
INFO: [Synth 8-5546] ROM "next_state" won't be mapped to RAM because it is too sparse
INFO: [Synth 8-3333] propagating constant 0 across sequential element (\nolabel_line70/convert_reg[255][0] )
INFO: [Synth 8-3333] propagating constant 0 across sequential element (\nolabel_line70/convert_reg[255][1] )
INFO: [Synth 8-3333] propagating constant 0 across sequential element (\nolabel_line70/convert_reg[255][3] )
INFO: [Synth 8-3333] propagating constant 0 across sequential element (\nolabel_line70/convert_reg[255][5] )
INFO: [Synth 8-3333] propagating constant 0 across sequential element (\nolabel_line70/convert_reg[255][6] )
INFO: [Synth 8-3333] propagating constant 0 across sequential element (\nolabel_line70/convert_reg[255][7] )
INFO: [Synth 8-3333] propagating constant 0 across sequential element (\nolabel_line70/convert_reg[255][4] )
INFO: [Synth 8-3333] propagating constant 0 across sequential element (\nolabel_line70/convert_reg[255][2] )
INFO: [Synth 8-3886] merging instance 'nolabel_line70/k1/note_out_reg[6]' (FDCE) to 'nolabel_line70/k1/note_out_reg[3]'
INFO: [Synth 8-3886] merging instance 'nolabel_line70/k1/note_out_reg[5]' (FDCE) to 'nolabel_line70/k1/note_out_reg[3]'
INFO: [Synth 8-3886] merging instance 'nolabel_line70/k1/note_out_reg[3]' (FDCE) to 'nolabel_line70/k1/note_out_reg[4]'
INFO: [Synth 8-3333] propagating constant 0 across sequential element (\nolabel_line70/k1/note_out_reg[4] )
INFO: [Synth 8-3886] merging instance 'u3/frequency_reg[11]' (LD) to 'u3/frequency_reg[31]'
INFO: [Synth 8-3886] merging instance 'u3/frequency_reg[12]' (LD) to 'u3/frequency_reg[31]'
INFO: [Synth 8-3886] merging instance 'u3/frequency_reg[13]' (LD) to 'u3/frequency_reg[31]'
INFO: [Synth 8-3886] merging instance 'u3/frequency_reg[14]' (LD) to 'u3/frequency_reg[31]'
INFO: [Synth 8-3886] merging instance 'u3/frequency_reg[15]' (LD) to 'u3/frequency_reg[31]'
INFO: [Synth 8-3886] merging instance 'u3/frequency_reg[16]' (LD) to 'u3/frequency_reg[31]'
INFO: [Synth 8-3886] merging instance 'u3/frequency_reg[17]' (LD) to 'u3/frequency_reg[31]'
INFO: [Synth 8-3886] merging instance 'u3/frequency_reg[18]' (LD) to 'u3/frequency_reg[31]'
INFO: [Synth 8-3886] merging instance 'u3/frequency_reg[19]' (LD) to 'u3/frequency_reg[31]'
INFO: [Synth 8-3886] merging instance 'u3/frequency_reg[20]' (LD) to 'u3/frequency_reg[31]'
INFO: [Synth 8-3886] merging instance 'u3/frequency_reg[21]' (LD) to 'u3/frequency_reg[31]'
INFO: [Synth 8-3886] merging instance 'u3/frequency_reg[22]' (LD) to 'u3/frequency_reg[31]'
INFO: [Synth 8-3886] merging instance 'u3/frequency_reg[23]' (LD) to 'u3/frequency_reg[31]'
INFO: [Synth 8-3886] merging instance 'u3/frequency_reg[24]' (LD) to 'u3/frequency_reg[31]'
INFO: [Synth 8-3886] merging instance 'u3/frequency_reg[25]' (LD) to 'u3/frequency_reg[31]'
INFO: [Synth 8-3886] merging instance 'u3/frequency_reg[26]' (LD) to 'u3/frequency_reg[31]'
INFO: [Synth 8-3886] merging instance 'u3/frequency_reg[27]' (LD) to 'u3/frequency_reg[31]'
INFO: [Synth 8-3886] merging instance 'u3/frequency_reg[28]' (LD) to 'u3/frequency_reg[31]'
INFO: [Synth 8-3886] merging instance 'u3/frequency_reg[29]' (LD) to 'u3/frequency_reg[31]'
INFO: [Synth 8-3886] merging instance 'u3/frequency_reg[30]' (LD) to 'u3/frequency_reg[31]'
INFO: [Synth 8-3333] propagating constant 0 across sequential element (\u3/frequency_reg[31] )
INFO: [Synth 8-3333] propagating constant 0 across sequential element (\nolabel_line70/next_state_reg[0] )
INFO: [Synth 8-3886] merging instance 'u3/divider_reg[27]' (FDC) to 'u3/divider_reg[31]'
INFO: [Synth 8-3886] merging instance 'u1/count_reg[24]' (FDC) to 'u3/divider_reg[31]'
INFO: [Synth 8-3886] merging instance 'u1/count_reg[25]' (FDC) to 'u3/divider_reg[31]'
INFO: [Synth 8-3886] merging instance 'u1/count_reg[26]' (FDC) to 'u3/divider_reg[31]'
INFO: [Synth 8-3886] merging instance 'u1/count_reg[27]' (FDC) to 'u3/divider_reg[31]'
INFO: [Synth 8-3886] merging instance 'u1/count_reg[28]' (FDC) to 'u3/divider_reg[31]'
INFO: [Synth 8-3886] merging instance 'u1/count_reg[29]' (FDC) to 'u3/divider_reg[31]'
INFO: [Synth 8-3886] merging instance 'u1/count_reg[30]' (FDC) to 'u3/divider_reg[31]'
INFO: [Synth 8-3886] merging instance 'u1/count_reg[31]' (FDC) to 'u3/divider_reg[31]'
INFO: [Synth 8-3886] merging instance 'u3/divider_reg[28]' (FDC) to 'u3/divider_reg[31]'
INFO: [Synth 8-3886] merging instance 'u3/divider_reg[29]' (FDC) to 'u3/divider_reg[31]'
INFO: [Synth 8-3886] merging instance 'u3/divider_reg[30]' (FDC) to 'u3/divider_reg[31]'
INFO: [Synth 8-3333] propagating constant 0 across sequential element (\u3/divider_reg[31] )
INFO: [Synth 8-3886] merging instance 'nolabel_line70/convert_reg[0][0]' (FDCE_1) to 'nolabel_line70/convert_reg[2][0]'
INFO: [Synth 8-3886] merging instance 'nolabel_line70/convert_reg[2][0]' (FDCE_1) to 'nolabel_line70/convert_reg[4][0]'
INFO: [Synth 8-3886] merging instance 'nolabel_line70/convert_reg[4][0]' (FDCE_1) to 'nolabel_line70/convert_reg[8][0]'
INFO: [Synth 8-3886] merging instance 'nolabel_line70/convert_reg[8][0]' (FDCE_1) to 'nolabel_line70/convert_reg[16][0]'
INFO: [Synth 8-3886] merging instance 'nolabel_line70/convert_reg[16][0]' (FDCE_1) to 'nolabel_line70/convert_reg[32][0]'
INFO: [Synth 8-3886] merging instance 'nolabel_line70/convert_reg[32][0]' (FDCE_1) to 'nolabel_line70/convert_reg[64][0]'
INFO: [Synth 8-3886] merging instance 'nolabel_line70/convert_reg[64][0]' (FDCE_1) to 'nolabel_line70/convert_reg[128][0]'
INFO: [Synth 8-3333] propagating constant 0 across sequential element (\nolabel_line70/convert_reg[128][0] )
INFO: [Synth 8-3886] merging instance 'nolabel_line70/music_reg[6]' (FDE) to 'nolabel_line70/music_reg[5]'
INFO: [Synth 8-3886] merging instance 'nolabel_line70/music_reg[5]' (FDE) to 'nolabel_line70/music_reg[4]'
INFO: [Synth 8-3886] merging instance 'nolabel_line70/music_reg[3]' (FDE) to 'nolabel_line70/music_reg[4]'
INFO: [Synth 8-3333] propagating constant 0 across sequential element (\nolabel_line70/music_reg[4] )
WARNING: [Synth 8-3332] Sequential element (u1/count_reg[23]) is unused and will be removed from module Buzzer.
WARNING: [Synth 8-3332] Sequential element (u1/count_reg[22]) is unused and will be removed from module Buzzer.
WARNING: [Synth 8-3332] Sequential element (u1/count_reg[21]) is unused and will be removed from module Buzzer.
WARNING: [Synth 8-3332] Sequential element (u1/count_reg[20]) is unused and will be removed from module Buzzer.
WARNING: [Synth 8-3332] Sequential element (u1/count_reg[19]) is unused and will be removed from module Buzzer.
WARNING: [Synth 8-3332] Sequential element (u1/count_reg[18]) is unused and will be removed from module Buzzer.
WARNING: [Synth 8-3332] Sequential element (u1/count_reg[17]) is unused and will be removed from module Buzzer.
WARNING: [Synth 8-3332] Sequential element (u1/count_reg[16]) is unused and will be removed from module Buzzer.
WARNING: [Synth 8-3332] Sequential element (u1/count_reg[15]) is unused and will be removed from module Buzzer.
WARNING: [Synth 8-3332] Sequential element (u1/count_reg[14]) is unused and will be removed from module Buzzer.
WARNING: [Synth 8-3332] Sequential element (u1/count_reg[13]) is unused and will be removed from module Buzzer.
WARNING: [Synth 8-3332] Sequential element (u1/count_reg[12]) is unused and will be removed from module Buzzer.
WARNING: [Synth 8-3332] Sequential element (u1/count_reg[11]) is unused and will be removed from module Buzzer.
WARNING: [Synth 8-3332] Sequential element (u1/count_reg[10]) is unused and will be removed from module Buzzer.
WARNING: [Synth 8-3332] Sequential element (u1/count_reg[9]) is unused and will be removed from module Buzzer.
WARNING: [Synth 8-3332] Sequential element (u1/count_reg[8]) is unused and will be removed from module Buzzer.
WARNING: [Synth 8-3332] Sequential element (u1/count_reg[7]) is unused and will be removed from module Buzzer.
WARNING: [Synth 8-3332] Sequential element (u1/count_reg[6]) is unused and will be removed from module Buzzer.
WARNING: [Synth 8-3332] Sequential element (u1/count_reg[5]) is unused and will be removed from module Buzzer.
WARNING: [Synth 8-3332] Sequential element (u1/count_reg[4]) is unused and will be removed from module Buzzer.
WARNING: [Synth 8-3332] Sequential element (u1/count_reg[3]) is unused and will be removed from module Buzzer.
WARNING: [Synth 8-3332] Sequential element (u1/count_reg[2]) is unused and will be removed from module Buzzer.
WARNING: [Synth 8-3332] Sequential element (u1/count_reg[1]) is unused and will be removed from module Buzzer.
WARNING: [Synth 8-3332] Sequential element (u1/count_reg[0]) is unused and will be removed from module Buzzer.
WARNING: [Synth 8-3332] Sequential element (u1/cnt_reg[6]) is unused and will be removed from module Buzzer.
WARNING: [Synth 8-3332] Sequential element (u1/cnt_reg[5]) is unused and will be removed from module Buzzer.
WARNING: [Synth 8-3332] Sequential element (u1/cnt_reg[4]) is unused and will be removed from module Buzzer.
WARNING: [Synth 8-3332] Sequential element (u1/cnt_reg[3]) is unused and will be removed from module Buzzer.
WARNING: [Synth 8-3332] Sequential element (u1/cnt_reg[2]) is unused and will be removed from module Buzzer.
WARNING: [Synth 8-3332] Sequential element (u1/cnt_reg[1]) is unused and will be removed from module Buzzer.
WARNING: [Synth 8-3332] Sequential element (u1/cnt_reg[0]) is unused and will be removed from module Buzzer.
WARNING: [Synth 8-3332] Sequential element (nolabel_line70/state_reg[0]) is unused and will be removed from module Buzzer.
WARNING: [Synth 8-3332] Sequential element (nolabel_line70/convert_reg[255][7]) is unused and will be removed from module Buzzer.
WARNING: [Synth 8-3332] Sequential element (nolabel_line70/convert_reg[255][6]) is unused and will be removed from module Buzzer.
WARNING: [Synth 8-3332] Sequential element (nolabel_line70/convert_reg[255][5]) is unused and will be removed from module Buzzer.
WARNING: [Synth 8-3332] Sequential element (nolabel_line70/convert_reg[255][4]) is unused and will be removed from module Buzzer.
WARNING: [Synth 8-3332] Sequential element (nolabel_line70/convert_reg[255][3]) is unused and will be removed from module Buzzer.
WARNING: [Synth 8-3332] Sequential element (nolabel_line70/convert_reg[255][2]) is unused and will be removed from module Buzzer.
WARNING: [Synth 8-3332] Sequential element (nolabel_line70/convert_reg[255][1]) is unused and will be removed from module Buzzer.
WARNING: [Synth 8-3332] Sequential element (nolabel_line70/convert_reg[255][0]) is unused and will be removed from module Buzzer.
WARNING: [Synth 8-3332] Sequential element (nolabel_line70/k1/note_out_reg[4]) is unused and will be removed from module Buzzer.
WARNING: [Synth 8-3332] Sequential element (nolabel_line70/music_reg[4]) is unused and will be removed from module Buzzer.
WARNING: [Synth 8-3332] Sequential element (nolabel_line70/next_state_reg[0]) is unused and will be removed from module Buzzer.
WARNING: [Synth 8-3332] Sequential element (nolabel_line70/convert_reg[128][0]) is unused and will be removed from module Buzzer.
WARNING: [Synth 8-3332] Sequential element (u3/frequency_reg[31]) is unused and will be removed from module Buzzer.
WARNING: [Synth 8-3332] Sequential element (u3/divider_reg[31]) is unused and will be removed from module Buzzer.
INFO: [Synth 8-3886] merging instance 'nolabel_line70/convert_reg[0][1]' (FDCE_1) to 'nolabel_line70/convert_reg[128][1]'
INFO: [Synth 8-3886] merging instance 'nolabel_line70/convert_reg[4][1]' (FDCE_1) to 'nolabel_line70/convert_reg[128][1]'
INFO: [Synth 8-3886] merging instance 'nolabel_line70/convert_reg[8][1]' (FDCE_1) to 'nolabel_line70/convert_reg[128][1]'
INFO: [Synth 8-3886] merging instance 'nolabel_line70/convert_reg[16][1]' (FDCE_1) to 'nolabel_line70/convert_reg[128][1]'
INFO: [Synth 8-3886] merging instance 'nolabel_line70/convert_reg[32][1]' (FDCE_1) to 'nolabel_line70/convert_reg[128][1]'
INFO: [Synth 8-3886] merging instance 'nolabel_line70/convert_reg[64][1]' (FDCE_1) to 'nolabel_line70/convert_reg[128][1]'
INFO: [Synth 8-3886] merging instance 'nolabel_line70/convert_reg[0][3]' (FDCE_1) to 'nolabel_line70/convert_reg[128][3]'
INFO: [Synth 8-3886] merging instance 'nolabel_line70/convert_reg[2][3]' (FDCE_1) to 'nolabel_line70/convert_reg[128][3]'
INFO: [Synth 8-3886] merging instance 'nolabel_line70/convert_reg[4][3]' (FDCE_1) to 'nolabel_line70/convert_reg[128][3]'
INFO: [Synth 8-3886] merging instance 'nolabel_line70/convert_reg[16][3]' (FDCE_1) to 'nolabel_line70/convert_reg[128][3]'
INFO: [Synth 8-3886] merging instance 'nolabel_line70/convert_reg[32][3]' (FDCE_1) to 'nolabel_line70/convert_reg[128][3]'
INFO: [Synth 8-3886] merging instance 'nolabel_line70/convert_reg[64][3]' (FDCE_1) to 'nolabel_line70/convert_reg[128][3]'
INFO: [Synth 8-3886] merging instance 'nolabel_line70/convert_reg[0][5]' (FDCE_1) to 'nolabel_line70/convert_reg[128][5]'
INFO: [Synth 8-3886] merging instance 'nolabel_line70/convert_reg[2][5]' (FDCE_1) to 'nolabel_line70/convert_reg[128][5]'
INFO: [Synth 8-3886] merging instance 'nolabel_line70/convert_reg[4][5]' (FDCE_1) to 'nolabel_line70/convert_reg[128][5]'
INFO: [Synth 8-3886] merging instance 'nolabel_line70/convert_reg[8][5]' (FDCE_1) to 'nolabel_line70/convert_reg[128][5]'
INFO: [Synth 8-3886] merging instance 'nolabel_line70/convert_reg[16][5]' (FDCE_1) to 'nolabel_line70/convert_reg[128][5]'
INFO: [Synth 8-3886] merging instance 'nolabel_line70/convert_reg[64][5]' (FDCE_1) to 'nolabel_line70/convert_reg[128][5]'
INFO: [Synth 8-3886] merging instance 'nolabel_line70/convert_reg[0][6]' (FDCE_1) to 'nolabel_line70/convert_reg[128][6]'
INFO: [Synth 8-3886] merging instance 'nolabel_line70/convert_reg[2][6]' (FDCE_1) to 'nolabel_line70/convert_reg[128][6]'
INFO: [Synth 8-3886] merging instance 'nolabel_line70/convert_reg[4][6]' (FDCE_1) to 'nolabel_line70/convert_reg[128][6]'
INFO: [Synth 8-3886] merging instance 'nolabel_line70/convert_reg[8][6]' (FDCE_1) to 'nolabel_line70/convert_reg[128][6]'
INFO: [Synth 8-3886] merging instance 'nolabel_line70/convert_reg[16][6]' (FDCE_1) to 'nolabel_line70/convert_reg[128][6]'
INFO: [Synth 8-3886] merging instance 'nolabel_line70/convert_reg[32][6]' (FDCE_1) to 'nolabel_line70/convert_reg[128][6]'
INFO: [Synth 8-3886] merging instance 'nolabel_line70/convert_reg[0][7]' (FDCE_1) to 'nolabel_line70/convert_reg[64][7]'
INFO: [Synth 8-3886] merging instance 'nolabel_line70/convert_reg[2][7]' (FDCE_1) to 'nolabel_line70/convert_reg[64][7]'
INFO: [Synth 8-3886] merging instance 'nolabel_line70/convert_reg[4][7]' (FDCE_1) to 'nolabel_line70/convert_reg[64][7]'
INFO: [Synth 8-3886] merging instance 'nolabel_line70/convert_reg[8][7]' (FDCE_1) to 'nolabel_line70/convert_reg[64][7]'
INFO: [Synth 8-3886] merging instance 'nolabel_line70/convert_reg[16][7]' (FDCE_1) to 'nolabel_line70/convert_reg[64][7]'
INFO: [Synth 8-3886] merging instance 'nolabel_line70/convert_reg[32][7]' (FDCE_1) to 'nolabel_line70/convert_reg[64][7]'
INFO: [Synth 8-3886] merging instance 'nolabel_line70/convert_reg[0][4]' (FDCE_1) to 'nolabel_line70/convert_reg[128][4]'
INFO: [Synth 8-3886] merging instance 'nolabel_line70/convert_reg[2][4]' (FDCE_1) to 'nolabel_line70/convert_reg[128][4]'
INFO: [Synth 8-3886] merging instance 'nolabel_line70/convert_reg[4][4]' (FDCE_1) to 'nolabel_line70/convert_reg[128][4]'
INFO: [Synth 8-3886] merging instance 'nolabel_line70/convert_reg[8][4]' (FDCE_1) to 'nolabel_line70/convert_reg[128][4]'
INFO: [Synth 8-3886] merging instance 'nolabel_line70/convert_reg[32][4]' (FDCE_1) to 'nolabel_line70/convert_reg[128][4]'
INFO: [Synth 8-3886] merging instance 'nolabel_line70/convert_reg[64][4]' (FDCE_1) to 'nolabel_line70/convert_reg[128][4]'
INFO: [Synth 8-3886] merging instance 'nolabel_line70/convert_reg[0][2]' (FDCE_1) to 'nolabel_line70/convert_reg[128][2]'
INFO: [Synth 8-3886] merging instance 'nolabel_line70/convert_reg[2][2]' (FDCE_1) to 'nolabel_line70/convert_reg[128][2]'
INFO: [Synth 8-3886] merging instance 'nolabel_line70/convert_reg[8][2]' (FDCE_1) to 'nolabel_line70/convert_reg[128][2]'
INFO: [Synth 8-3886] merging instance 'nolabel_line70/convert_reg[16][2]' (FDCE_1) to 'nolabel_line70/convert_reg[128][2]'
INFO: [Synth 8-3886] merging instance 'nolabel_line70/convert_reg[32][2]' (FDCE_1) to 'nolabel_line70/convert_reg[128][2]'
INFO: [Synth 8-3886] merging instance 'nolabel_line70/convert_reg[64][2]' (FDCE_1) to 'nolabel_line70/convert_reg[128][2]'
---------------------------------------------------------------------------------
Finished Cross Boundary and Area Optimization : Time (s): cpu = 00:00:08 ; elapsed = 00:00:19 . Memory (MB): peak = 725.074 ; gain = 495.512
---------------------------------------------------------------------------------

Report RTL Partitions: 
+-+--------------+------------+----------+
| |RTL Partition |Replication |Instances |
+-+--------------+------------+----------+
+-+--------------+------------+----------+
---------------------------------------------------------------------------------
Start Applying XDC Timing Constraints
---------------------------------------------------------------------------------
---------------------------------------------------------------------------------
Finished Applying XDC Timing Constraints : Time (s): cpu = 00:00:10 ; elapsed = 00:00:27 . Memory (MB): peak = 725.074 ; gain = 495.512
---------------------------------------------------------------------------------
---------------------------------------------------------------------------------
Start Timing Optimization
---------------------------------------------------------------------------------
---------------------------------------------------------------------------------
Finished Timing Optimization : Time (s): cpu = 00:00:10 ; elapsed = 00:00:27 . Memory (MB): peak = 725.074 ; gain = 495.512
---------------------------------------------------------------------------------

Report RTL Partitions: 
+-+--------------+------------+----------+
| |RTL Partition |Replication |Instances |
+-+--------------+------------+----------+
+-+--------------+------------+----------+
---------------------------------------------------------------------------------
Start Technology Mapping
---------------------------------------------------------------------------------
WARNING: [Synth 8-3332] Sequential element (nolabel_line70/convert_reg[128][7]) is unused and will be removed from module Buzzer.
WARNING: [Synth 8-3332] Sequential element (nolabel_line70/convert_reg[64][6]) is unused and will be removed from module Buzzer.
WARNING: [Synth 8-3332] Sequential element (nolabel_line70/convert_reg[32][5]) is unused and will be removed from module Buzzer.
WARNING: [Synth 8-3332] Sequential element (nolabel_line70/convert_reg[16][4]) is unused and will be removed from module Buzzer.
WARNING: [Synth 8-3332] Sequential element (nolabel_line70/convert_reg[8][3]) is unused and will be removed from module Buzzer.
WARNING: [Synth 8-3332] Sequential element (nolabel_line70/convert_reg[4][2]) is unused and will be removed from module Buzzer.
WARNING: [Synth 8-3332] Sequential element (nolabel_line70/convert_reg[2][1]) is unused and will be removed from module Buzzer.
WARNING: [Synth 8-3332] Sequential element (nolabel_line70/convert_reg[128][1]) is unused and will be removed from module Buzzer.
WARNING: [Synth 8-3332] Sequential element (nolabel_line70/convert_reg[128][3]) is unused and will be removed from module Buzzer.
WARNING: [Synth 8-3332] Sequential element (nolabel_line70/convert_reg[128][5]) is unused and will be removed from module Buzzer.
WARNING: [Synth 8-3332] Sequential element (nolabel_line70/convert_reg[128][6]) is unused and will be removed from module Buzzer.
WARNING: [Synth 8-3332] Sequential element (nolabel_line70/convert_reg[64][7]) is unused and will be removed from module Buzzer.
WARNING: [Synth 8-3332] Sequential element (nolabel_line70/convert_reg[128][4]) is unused and will be removed from module Buzzer.
WARNING: [Synth 8-3332] Sequential element (nolabel_line70/convert_reg[128][2]) is unused and will be removed from module Buzzer.
---------------------------------------------------------------------------------
Finished Technology Mapping : Time (s): cpu = 00:00:10 ; elapsed = 00:00:27 . Memory (MB): peak = 744.203 ; gain = 514.641
---------------------------------------------------------------------------------

Report RTL Partitions: 
+-+--------------+------------+----------+
| |RTL Partition |Replication |Instances |
+-+--------------+------------+----------+
+-+--------------+------------+----------+
---------------------------------------------------------------------------------
Start IO Insertion
---------------------------------------------------------------------------------
---------------------------------------------------------------------------------
Start Flattening Before IO Insertion
---------------------------------------------------------------------------------
---------------------------------------------------------------------------------
Finished Flattening Before IO Insertion
---------------------------------------------------------------------------------
---------------------------------------------------------------------------------
Start Final Netlist Cleanup
---------------------------------------------------------------------------------
---------------------------------------------------------------------------------
Finished Final Netlist Cleanup
---------------------------------------------------------------------------------
---------------------------------------------------------------------------------
Finished IO Insertion : Time (s): cpu = 00:00:10 ; elapsed = 00:00:28 . Memory (MB): peak = 744.203 ; gain = 514.641
---------------------------------------------------------------------------------

Report Check Netlist: 
+------+------------------+-------+---------+-------+------------------+
|      |Item              |Errors |Warnings |Status |Description       |
+------+------------------+-------+---------+-------+------------------+
|1     |multi_driven_nets |      0|        0|Passed |Multi driven nets |
+------+------------------+-------+---------+-------+------------------+
---------------------------------------------------------------------------------
Start Renaming Generated Instances
---------------------------------------------------------------------------------
---------------------------------------------------------------------------------
Finished Renaming Generated Instances : Time (s): cpu = 00:00:10 ; elapsed = 00:00:28 . Memory (MB): peak = 744.203 ; gain = 514.641
---------------------------------------------------------------------------------

Report RTL Partitions: 
+-+--------------+------------+----------+
| |RTL Partition |Replication |Instances |
+-+--------------+------------+----------+
+-+--------------+------------+----------+
---------------------------------------------------------------------------------
Start Rebuilding User Hierarchy
---------------------------------------------------------------------------------
---------------------------------------------------------------------------------
Finished Rebuilding User Hierarchy : Time (s): cpu = 00:00:11 ; elapsed = 00:00:28 . Memory (MB): peak = 744.203 ; gain = 514.641
---------------------------------------------------------------------------------
---------------------------------------------------------------------------------
Start Renaming Generated Ports
---------------------------------------------------------------------------------
---------------------------------------------------------------------------------
Finished Renaming Generated Ports : Time (s): cpu = 00:00:11 ; elapsed = 00:00:28 . Memory (MB): peak = 744.203 ; gain = 514.641
---------------------------------------------------------------------------------
---------------------------------------------------------------------------------
Start Handling Custom Attributes
---------------------------------------------------------------------------------
---------------------------------------------------------------------------------
Finished Handling Custom Attributes : Time (s): cpu = 00:00:11 ; elapsed = 00:00:28 . Memory (MB): peak = 744.203 ; gain = 514.641
---------------------------------------------------------------------------------
---------------------------------------------------------------------------------
Start Renaming Generated Nets
---------------------------------------------------------------------------------
---------------------------------------------------------------------------------
Finished Renaming Generated Nets : Time (s): cpu = 00:00:11 ; elapsed = 00:00:28 . Memory (MB): peak = 744.203 ; gain = 514.641
---------------------------------------------------------------------------------
---------------------------------------------------------------------------------
Start Writing Synthesis Report
---------------------------------------------------------------------------------

Report BlackBoxes: 
+-+--------------+----------+
| |BlackBox name |Instances |
+-+--------------+----------+
+-+--------------+----------+

Report Cell Usage: 
+------+-------+------+
|      |Cell   |Count |
+------+-------+------+
|1     |BUFG   |     2|
|2     |CARRY4 |   206|
|3     |LUT1   |    48|
|4     |LUT2   |   429|
|5     |LUT3   |   270|
|6     |LUT4   |    64|
|7     |LUT5   |    22|
|8     |LUT6   |    10|
|9     |FDCE   |    59|
|10    |FDPE   |    13|
|11    |FDRE   |    11|
|12    |FDSE   |     1|
|13    |LD     |    11|
|14    |IBUF   |    14|
|15    |OBUF   |    10|
+------+-------+------+

Report Instance Areas: 
+------+-----------------+------------------+------+
|      |Instance         |Module            |Cells |
+------+-----------------+------------------+------+
|1     |top              |                  |  1170|
|2     |  nolabel_line70 |Key_Adjustment    |    73|
|3     |    k1           |Keyboard          |    38|
|4     |  u3             |Frequency_Divider |   946|
|5     |  u4             |Wave_Generator    |   125|
+------+-----------------+------------------+------+
---------------------------------------------------------------------------------
Finished Writing Synthesis Report : Time (s): cpu = 00:00:11 ; elapsed = 00:00:28 . Memory (MB): peak = 744.203 ; gain = 514.641
---------------------------------------------------------------------------------
Synthesis finished with 0 errors, 0 critical warnings and 312 warnings.
Synthesis Optimization Runtime : Time (s): cpu = 00:00:06 ; elapsed = 00:00:22 . Memory (MB): peak = 744.203 ; gain = 180.652
Synthesis Optimization Complete : Time (s): cpu = 00:00:11 ; elapsed = 00:00:28 . Memory (MB): peak = 744.203 ; gain = 514.641
INFO: [Project 1-571] Translating synthesized netlist
INFO: [Netlist 29-17] Analyzing 231 Unisim elements for replacement
INFO: [Netlist 29-28] Unisim Transformation completed in 0 CPU seconds
INFO: [Project 1-570] Preparing netlist for logic optimization
INFO: [Opt 31-138] Pushed 0 inverter(s) to 0 load pin(s).
INFO: [Project 1-111] Unisim Transformation Summary:
  A total of 11 instances were transformed.
  LD => LDCE: 11 instances

INFO: [Common 17-83] Releasing license: Synthesis
247 Infos, 263 Warnings, 1 Critical Warnings and 0 Errors encountered.
synth_design completed successfully
synth_design: Time (s): cpu = 00:00:11 ; elapsed = 00:00:31 . Memory (MB): peak = 744.203 ; gain = 518.879
INFO: [Common 17-1381] The checkpoint 'E:/Mini_Piano/Mini_Piano.runs/synth_1/Buzzer.dcp' has been generated.
INFO: [runtcl-4] Executing : report_utilization -file Buzzer_utilization_synth.rpt -pb Buzzer_utilization_synth.pb
report_utilization: Time (s): cpu = 00:00:00 ; elapsed = 00:00:00.029 . Memory (MB): peak = 744.203 ; gain = 0.000
INFO: [Common 17-206] Exiting Vivado at Tue Dec 26 02:07:35 2023...
